CRITICAL - 2022-06-20 16:26:21 --> Undefined index: stock_producto
#0 C:\xampp\htdocs\Hamm\app\Controllers\Carrito_controller.php(22): CodeIgniter\Debug\Exceptions->errorHandler(8, 'Undefined index...', 'C:\\xampp\\htdocs...', 22, Array)
#1 C:\xampp\htdocs\Hamm\system\CodeIgniter.php(832): App\Controllers\Carrito_controller->agregar_carrito()
#2 C:\xampp\htdocs\Hamm\system\CodeIgniter.php(419): CodeIgniter\CodeIgniter->runController(Object(App\Controllers\Carrito_controller))
#3 C:\xampp\htdocs\Hamm\system\CodeIgniter.php(326): CodeIgniter\CodeIgniter->handleRequest(NULL, Object(Config\Cache), false)
#4 C:\xampp\htdocs\Hamm\index.php(37): CodeIgniter\CodeIgniter->run()
#5 {main}
CRITICAL - 2022-06-20 16:26:41 --> Undefined index: stock_producto
#0 C:\xampp\htdocs\Hamm\app\Controllers\Carrito_controller.php(22): CodeIgniter\Debug\Exceptions->errorHandler(8, 'Undefined index...', 'C:\\xampp\\htdocs...', 22, Array)
#1 C:\xampp\htdocs\Hamm\system\CodeIgniter.php(832): App\Controllers\Carrito_controller->agregar_carrito()
#2 C:\xampp\htdocs\Hamm\system\CodeIgniter.php(419): CodeIgniter\CodeIgniter->runController(Object(App\Controllers\Carrito_controller))
#3 C:\xampp\htdocs\Hamm\system\CodeIgniter.php(326): CodeIgniter\CodeIgniter->handleRequest(NULL, Object(Config\Cache), false)
#4 C:\xampp\htdocs\Hamm\index.php(37): CodeIgniter\CodeIgniter->run()
#5 {main}
CRITICAL - 2022-06-20 16:28:19 --> Undefined index: stock_producto
#0 C:\xampp\htdocs\Hamm\app\Controllers\Carrito_controller.php(22): CodeIgniter\Debug\Exceptions->errorHandler(8, 'Undefined index...', 'C:\\xampp\\htdocs...', 22, Array)
#1 C:\xampp\htdocs\Hamm\system\CodeIgniter.php(832): App\Controllers\Carrito_controller->agregar_carrito()
#2 C:\xampp\htdocs\Hamm\system\CodeIgniter.php(419): CodeIgniter\CodeIgniter->runController(Object(App\Controllers\Carrito_controller))
#3 C:\xampp\htdocs\Hamm\system\CodeIgniter.php(326): CodeIgniter\CodeIgniter->handleRequest(NULL, Object(Config\Cache), false)
#4 C:\xampp\htdocs\Hamm\index.php(37): CodeIgniter\CodeIgniter->run()
#5 {main}
CRITICAL - 2022-06-20 16:33:27 --> syntax error, unexpected 'new' (T_NEW)
#0 C:\xampp\htdocs\Hamm\system\Router\Router.php(175): CodeIgniter\Router\Router->autoRoute('Carrito_control...')
#1 C:\xampp\htdocs\Hamm\system\CodeIgniter.php(726): CodeIgniter\Router\Router->handle('Carrito_control...')
#2 C:\xampp\htdocs\Hamm\system\CodeIgniter.php(368): CodeIgniter\CodeIgniter->tryToRouteIt(Object(CodeIgniter\Router\RouteCollection))
#3 C:\xampp\htdocs\Hamm\system\CodeIgniter.php(326): CodeIgniter\CodeIgniter->handleRequest(NULL, Object(Config\Cache), false)
#4 C:\xampp\htdocs\Hamm\index.php(37): CodeIgniter\CodeIgniter->run()
#5 {main}
CRITICAL - 2022-06-20 16:33:40 --> Call to undefined method CodeIgniterCart\Cart::updata()
#0 C:\xampp\htdocs\Hamm\system\CodeIgniter.php(832): App\Controllers\Carrito_controller->agregar_carrito()
#1 C:\xampp\htdocs\Hamm\system\CodeIgniter.php(419): CodeIgniter\CodeIgniter->runController(Object(App\Controllers\Carrito_controller))
#2 C:\xampp\htdocs\Hamm\system\CodeIgniter.php(326): CodeIgniter\CodeIgniter->handleRequest(NULL, Object(Config\Cache), false)
#3 C:\xampp\htdocs\Hamm\index.php(37): CodeIgniter\CodeIgniter->run()
#4 {main}
