CRITICAL - 2022-06-09 01:59:43 --> Undefined variable: data
#0 C:\xampp\htdocs\Hamm\app\Controllers\Usuario_controller.php(371): CodeIgniter\Debug\Exceptions->errorHandler(8, 'Undefined varia...', 'C:\\xampp\\htdocs...', 371, Array)
#1 C:\xampp\htdocs\Hamm\system\CodeIgniter.php(832): App\Controllers\Usuario_controller->add_usuario()
#2 C:\xampp\htdocs\Hamm\system\CodeIgniter.php(419): CodeIgniter\CodeIgniter->runController(Object(App\Controllers\Usuario_controller))
#3 C:\xampp\htdocs\Hamm\system\CodeIgniter.php(326): CodeIgniter\CodeIgniter->handleRequest(NULL, Object(Config\Cache), false)
#4 C:\xampp\htdocs\Hamm\index.php(37): CodeIgniter\CodeIgniter->run()
#5 {main}
CRITICAL - 2022-06-09 02:00:14 --> Invalid file: front/titulo_panel_adm.php
#0 C:\xampp\htdocs\Hamm\system\View\View.php(198): CodeIgniter\Exceptions\FrameworkException::forInvalidFile('front/titulo_pa...')
#1 C:\xampp\htdocs\Hamm\system\Common.php(1089): CodeIgniter\View\View->render('front/titulo_pa...', Array, true)
#2 C:\xampp\htdocs\Hamm\app\Controllers\Usuario_controller.php(372): view('front/titulo_pa...')
#3 C:\xampp\htdocs\Hamm\system\CodeIgniter.php(832): App\Controllers\Usuario_controller->add_usuario()
#4 C:\xampp\htdocs\Hamm\system\CodeIgniter.php(419): CodeIgniter\CodeIgniter->runController(Object(App\Controllers\Usuario_controller))
#5 C:\xampp\htdocs\Hamm\system\CodeIgniter.php(326): CodeIgniter\CodeIgniter->handleRequest(NULL, Object(Config\Cache), false)
#6 C:\xampp\htdocs\Hamm\index.php(37): CodeIgniter\CodeIgniter->run()
#7 {main}
CRITICAL - 2022-06-09 02:01:38 --> Invalid file: front/titulo_panel_adm.php
#0 C:\xampp\htdocs\Hamm\system\View\View.php(198): CodeIgniter\Exceptions\FrameworkException::forInvalidFile('front/titulo_pa...')
#1 C:\xampp\htdocs\Hamm\system\Common.php(1089): CodeIgniter\View\View->render('front/titulo_pa...', Array, true)
#2 C:\xampp\htdocs\Hamm\app\Controllers\Usuario_controller.php(356): view('front/titulo_pa...')
#3 C:\xampp\htdocs\Hamm\system\CodeIgniter.php(832): App\Controllers\Usuario_controller->add_usuario()
#4 C:\xampp\htdocs\Hamm\system\CodeIgniter.php(419): CodeIgniter\CodeIgniter->runController(Object(App\Controllers\Usuario_controller))
#5 C:\xampp\htdocs\Hamm\system\CodeIgniter.php(326): CodeIgniter\CodeIgniter->handleRequest(NULL, Object(Config\Cache), false)
#6 C:\xampp\htdocs\Hamm\index.php(37): CodeIgniter\CodeIgniter->run()
#7 {main}
CRITICAL - 2022-06-09 16:38:45 --> Auth_adm filter must have a matching alias defined.
#0 C:\xampp\htdocs\Hamm\system\Filters\Filters.php(340): CodeIgniter\Filters\Exceptions\FilterException::forNoAlias('Auth_adm')
#1 C:\xampp\htdocs\Hamm\system\CodeIgniter.php(384): CodeIgniter\Filters\Filters->enableFilter('Auth_adm', 'before')
#2 C:\xampp\htdocs\Hamm\system\CodeIgniter.php(326): CodeIgniter\CodeIgniter->handleRequest(NULL, Object(Config\Cache), false)
#3 C:\xampp\htdocs\Hamm\index.php(37): CodeIgniter\CodeIgniter->run()
#4 {main}
CRITICAL - 2022-06-09 18:31:12 --> Undefined variable: productos
#0 C:\xampp\htdocs\Hamm\app\Views\front\pedi-ya.php(6): CodeIgniter\Debug\Exceptions->errorHandler(8, 'Undefined varia...', 'C:\\xampp\\htdocs...', 6, Array)
#1 C:\xampp\htdocs\Hamm\system\View\View.php(210): include('C:\\xampp\\htdocs...')
#2 C:\xampp\htdocs\Hamm\system\View\View.php(213): CodeIgniter\View\View->CodeIgniter\View\{closure}()
#3 C:\xampp\htdocs\Hamm\system\Common.php(1089): CodeIgniter\View\View->render('front/pedi-ya', Array, true)
#4 C:\xampp\htdocs\Hamm\app\Controllers\Home.php(38): view('front/pedi-ya')
#5 C:\xampp\htdocs\Hamm\system\CodeIgniter.php(832): App\Controllers\Home->pedi_ya()
#6 C:\xampp\htdocs\Hamm\system\CodeIgniter.php(419): CodeIgniter\CodeIgniter->runController(Object(App\Controllers\Home))
#7 C:\xampp\htdocs\Hamm\system\CodeIgniter.php(326): CodeIgniter\CodeIgniter->handleRequest(NULL, Object(Config\Cache), false)
#8 C:\xampp\htdocs\Hamm\index.php(37): CodeIgniter\CodeIgniter->run()
#9 {main}
CRITICAL - 2022-06-09 18:34:05 --> Undefined variable: productos
#0 C:\xampp\htdocs\Hamm\app\Views\front\pedi-ya.php(6): CodeIgniter\Debug\Exceptions->errorHandler(8, 'Undefined varia...', 'C:\\xampp\\htdocs...', 6, Array)
#1 C:\xampp\htdocs\Hamm\system\View\View.php(210): include('C:\\xampp\\htdocs...')
#2 C:\xampp\htdocs\Hamm\system\View\View.php(213): CodeIgniter\View\View->CodeIgniter\View\{closure}()
#3 C:\xampp\htdocs\Hamm\system\Common.php(1089): CodeIgniter\View\View->render('front/pedi-ya', Array, true)
#4 C:\xampp\htdocs\Hamm\app\Controllers\Home.php(38): view('front/pedi-ya')
#5 C:\xampp\htdocs\Hamm\system\CodeIgniter.php(832): App\Controllers\Home->pedi_ya()
#6 C:\xampp\htdocs\Hamm\system\CodeIgniter.php(419): CodeIgniter\CodeIgniter->runController(Object(App\Controllers\Home))
#7 C:\xampp\htdocs\Hamm\system\CodeIgniter.php(326): CodeIgniter\CodeIgniter->handleRequest(NULL, Object(Config\Cache), false)
#8 C:\xampp\htdocs\Hamm\index.php(37): CodeIgniter\CodeIgniter->run()
#9 {main}
CRITICAL - 2022-06-09 18:42:56 --> Undefined variable: productos
#0 C:\xampp\htdocs\Hamm\app\Views\front\pedi-ya.php(6): CodeIgniter\Debug\Exceptions->errorHandler(8, 'Undefined varia...', 'C:\\xampp\\htdocs...', 6, Array)
#1 C:\xampp\htdocs\Hamm\system\View\View.php(210): include('C:\\xampp\\htdocs...')
#2 C:\xampp\htdocs\Hamm\system\View\View.php(213): CodeIgniter\View\View->CodeIgniter\View\{closure}()
#3 C:\xampp\htdocs\Hamm\system\Common.php(1089): CodeIgniter\View\View->render('front/pedi-ya', Array, true)
#4 C:\xampp\htdocs\Hamm\app\Controllers\Home.php(38): view('front/pedi-ya')
#5 C:\xampp\htdocs\Hamm\system\CodeIgniter.php(832): App\Controllers\Home->pedi_ya()
#6 C:\xampp\htdocs\Hamm\system\CodeIgniter.php(419): CodeIgniter\CodeIgniter->runController(Object(App\Controllers\Home))
#7 C:\xampp\htdocs\Hamm\system\CodeIgniter.php(326): CodeIgniter\CodeIgniter->handleRequest(NULL, Object(Config\Cache), false)
#8 C:\xampp\htdocs\Hamm\index.php(37): CodeIgniter\CodeIgniter->run()
#9 {main}
CRITICAL - 2022-06-09 18:51:03 --> Call to undefined method App\Models\Productos_models::ordenBy
#0 C:\xampp\htdocs\Hamm\app\Controllers\Producto_controller.php(170): CodeIgniter\Model->__call('ordenBy', Array)
#1 C:\xampp\htdocs\Hamm\system\CodeIgniter.php(832): App\Controllers\Producto_controller->mostrar_productos()
#2 C:\xampp\htdocs\Hamm\system\CodeIgniter.php(419): CodeIgniter\CodeIgniter->runController(Object(App\Controllers\Producto_controller))
#3 C:\xampp\htdocs\Hamm\system\CodeIgniter.php(326): CodeIgniter\CodeIgniter->handleRequest(NULL, Object(Config\Cache), false)
#4 C:\xampp\htdocs\Hamm\index.php(37): CodeIgniter\CodeIgniter->run()
#5 {main}
ERROR - 2022-06-09 18:51:40 --> Unknown column 'id' in 'order clause'
CRITICAL - 2022-06-09 18:51:40 --> Unknown column 'id' in 'order clause'
#0 C:\xampp\htdocs\Hamm\system\Database\MySQLi\Connection.php(292): mysqli->query('SELECT *\nFROM `...', 0)
#1 C:\xampp\htdocs\Hamm\system\Database\BaseConnection.php(670): CodeIgniter\Database\MySQLi\Connection->execute('SELECT *\nFROM `...')
#2 C:\xampp\htdocs\Hamm\system\Database\BaseConnection.php(598): CodeIgniter\Database\BaseConnection->simpleQuery('SELECT *\nFROM `...')
#3 C:\xampp\htdocs\Hamm\system\Database\BaseBuilder.php(1455): CodeIgniter\Database\BaseConnection->query('SELECT *\nFROM `...', Array, false)
#4 C:\xampp\htdocs\Hamm\system\Model.php(183): CodeIgniter\Database\BaseBuilder->get()
#5 C:\xampp\htdocs\Hamm\system\BaseModel.php(584): CodeIgniter\Model->doFindAll(0, 0)
#6 C:\xampp\htdocs\Hamm\app\Controllers\Producto_controller.php(170): CodeIgniter\BaseModel->findAll()
#7 C:\xampp\htdocs\Hamm\system\CodeIgniter.php(832): App\Controllers\Producto_controller->mostrar_productos()
#8 C:\xampp\htdocs\Hamm\system\CodeIgniter.php(419): CodeIgniter\CodeIgniter->runController(Object(App\Controllers\Producto_controller))
#9 C:\xampp\htdocs\Hamm\system\CodeIgniter.php(326): CodeIgniter\CodeIgniter->handleRequest(NULL, Object(Config\Cache), false)
#10 C:\xampp\htdocs\Hamm\index.php(37): CodeIgniter\CodeIgniter->run()
#11 {main}
CRITICAL - 2022-06-09 19:01:34 --> Undefined variable: dato
#0 C:\xampp\htdocs\Hamm\app\Views\front\pedi-ya.php(7): CodeIgniter\Debug\Exceptions->errorHandler(8, 'Undefined varia...', 'C:\\xampp\\htdocs...', 7, Array)
#1 C:\xampp\htdocs\Hamm\system\View\View.php(210): include('C:\\xampp\\htdocs...')
#2 C:\xampp\htdocs\Hamm\system\View\View.php(213): CodeIgniter\View\View->CodeIgniter\View\{closure}()
#3 C:\xampp\htdocs\Hamm\system\Common.php(1089): CodeIgniter\View\View->render('front/pedi-ya', Array, true)
#4 C:\xampp\htdocs\Hamm\app\Controllers\Producto_controller.php(177): view('front/pedi-ya', Array)
#5 C:\xampp\htdocs\Hamm\system\CodeIgniter.php(832): App\Controllers\Producto_controller->mostrar_productos()
#6 C:\xampp\htdocs\Hamm\system\CodeIgniter.php(419): CodeIgniter\CodeIgniter->runController(Object(App\Controllers\Producto_controller))
#7 C:\xampp\htdocs\Hamm\system\CodeIgniter.php(326): CodeIgniter\CodeIgniter->handleRequest(NULL, Object(Config\Cache), false)
#8 C:\xampp\htdocs\Hamm\index.php(37): CodeIgniter\CodeIgniter->run()
#9 {main}
CRITICAL - 2022-06-09 19:11:23 --> Invalid file: front/nav_encabezado.php
#0 C:\xampp\htdocs\Hamm\system\View\View.php(198): CodeIgniter\Exceptions\FrameworkException::forInvalidFile('front/nav_encab...')
#1 C:\xampp\htdocs\Hamm\system\Common.php(1089): CodeIgniter\View\View->render('front/nav_encab...', Array, true)
#2 C:\xampp\htdocs\Hamm\app\Controllers\Producto_controller.php(138): view('front/nav_encab...')
#3 C:\xampp\htdocs\Hamm\system\CodeIgniter.php(832): App\Controllers\Producto_controller->editar_producto()
#4 C:\xampp\htdocs\Hamm\system\CodeIgniter.php(419): CodeIgniter\CodeIgniter->runController(Object(App\Controllers\Producto_controller))
#5 C:\xampp\htdocs\Hamm\system\CodeIgniter.php(326): CodeIgniter\CodeIgniter->handleRequest(NULL, Object(Config\Cache), false)
#6 C:\xampp\htdocs\Hamm\index.php(37): CodeIgniter\CodeIgniter->run()
#7 {main}
CRITICAL - 2022-06-09 20:48:13 --> syntax error, unexpected 'if' (T_IF)
#0 C:\xampp\htdocs\Hamm\system\CodeIgniter.php(368): CodeIgniter\CodeIgniter->tryToRouteIt(NULL)
#1 C:\xampp\htdocs\Hamm\system\CodeIgniter.php(326): CodeIgniter\CodeIgniter->handleRequest(NULL, Object(Config\Cache), false)
#2 C:\xampp\htdocs\Hamm\index.php(37): CodeIgniter\CodeIgniter->run()
#3 {main}
CRITICAL - 2022-06-09 20:56:39 --> Call to a member function insert() on null
#0 C:\xampp\htdocs\Hamm\system\CodeIgniter.php(832): App\Controllers\Carrito_Controller->agregar_carrito()
#1 C:\xampp\htdocs\Hamm\system\CodeIgniter.php(419): CodeIgniter\CodeIgniter->runController(Object(App\Controllers\Carrito_Controller))
#2 C:\xampp\htdocs\Hamm\system\CodeIgniter.php(326): CodeIgniter\CodeIgniter->handleRequest(NULL, Object(Config\Cache), false)
#3 C:\xampp\htdocs\Hamm\index.php(37): CodeIgniter\CodeIgniter->run()
#4 {main}
CRITICAL - 2022-06-09 21:10:45 --> Call to a member function insert() on null
#0 C:\xampp\htdocs\Hamm\system\CodeIgniter.php(832): App\Controllers\Carrito_Controller->agregar_carrito()
#1 C:\xampp\htdocs\Hamm\system\CodeIgniter.php(419): CodeIgniter\CodeIgniter->runController(Object(App\Controllers\Carrito_Controller))
#2 C:\xampp\htdocs\Hamm\system\CodeIgniter.php(326): CodeIgniter\CodeIgniter->handleRequest(NULL, Object(Config\Cache), false)
#3 C:\xampp\htdocs\Hamm\index.php(37): CodeIgniter\CodeIgniter->run()
#4 {main}
CRITICAL - 2022-06-09 21:12:10 --> Call to a member function insert() on null
#0 C:\xampp\htdocs\Hamm\system\CodeIgniter.php(832): App\Controllers\Carrito_Controller->agregar_carrito()
#1 C:\xampp\htdocs\Hamm\system\CodeIgniter.php(419): CodeIgniter\CodeIgniter->runController(Object(App\Controllers\Carrito_Controller))
#2 C:\xampp\htdocs\Hamm\system\CodeIgniter.php(326): CodeIgniter\CodeIgniter->handleRequest(NULL, Object(Config\Cache), false)
#3 C:\xampp\htdocs\Hamm\index.php(37): CodeIgniter\CodeIgniter->run()
#4 {main}
CRITICAL - 2022-06-09 21:12:18 --> Call to a member function insert() on null
#0 C:\xampp\htdocs\Hamm\system\CodeIgniter.php(832): App\Controllers\Carrito_Controller->agregar_carrito()
#1 C:\xampp\htdocs\Hamm\system\CodeIgniter.php(419): CodeIgniter\CodeIgniter->runController(Object(App\Controllers\Carrito_Controller))
#2 C:\xampp\htdocs\Hamm\system\CodeIgniter.php(326): CodeIgniter\CodeIgniter->handleRequest(NULL, Object(Config\Cache), false)
#3 C:\xampp\htdocs\Hamm\index.php(37): CodeIgniter\CodeIgniter->run()
#4 {main}
CRITICAL - 2022-06-09 21:13:06 --> Call to a member function insert() on null
#0 C:\xampp\htdocs\Hamm\system\CodeIgniter.php(832): App\Controllers\Carrito_controller->agregar_carrito()
#1 C:\xampp\htdocs\Hamm\system\CodeIgniter.php(419): CodeIgniter\CodeIgniter->runController(Object(App\Controllers\Carrito_controller))
#2 C:\xampp\htdocs\Hamm\system\CodeIgniter.php(326): CodeIgniter\CodeIgniter->handleRequest(NULL, Object(Config\Cache), false)
#3 C:\xampp\htdocs\Hamm\index.php(37): CodeIgniter\CodeIgniter->run()
#4 {main}
CRITICAL - 2022-06-09 21:14:04 --> Call to a member function insert() on null
#0 C:\xampp\htdocs\Hamm\system\CodeIgniter.php(832): App\Controllers\Carrito_controller->agregar_carrito()
#1 C:\xampp\htdocs\Hamm\system\CodeIgniter.php(419): CodeIgniter\CodeIgniter->runController(Object(App\Controllers\Carrito_controller))
#2 C:\xampp\htdocs\Hamm\system\CodeIgniter.php(326): CodeIgniter\CodeIgniter->handleRequest(NULL, Object(Config\Cache), false)
#3 C:\xampp\htdocs\Hamm\index.php(37): CodeIgniter\CodeIgniter->run()
#4 {main}
CRITICAL - 2022-06-09 21:14:09 --> Call to a member function insert() on null
#0 C:\xampp\htdocs\Hamm\system\CodeIgniter.php(832): App\Controllers\Carrito_controller->agregar_carrito()
#1 C:\xampp\htdocs\Hamm\system\CodeIgniter.php(419): CodeIgniter\CodeIgniter->runController(Object(App\Controllers\Carrito_controller))
#2 C:\xampp\htdocs\Hamm\system\CodeIgniter.php(326): CodeIgniter\CodeIgniter->handleRequest(NULL, Object(Config\Cache), false)
#3 C:\xampp\htdocs\Hamm\index.php(37): CodeIgniter\CodeIgniter->run()
#4 {main}
CRITICAL - 2022-06-09 21:16:52 --> Call to a member function insert() on null
#0 C:\xampp\htdocs\Hamm\system\CodeIgniter.php(832): App\Controllers\Carrito_controller->agregar_carrito()
#1 C:\xampp\htdocs\Hamm\system\CodeIgniter.php(419): CodeIgniter\CodeIgniter->runController(Object(App\Controllers\Carrito_controller))
#2 C:\xampp\htdocs\Hamm\system\CodeIgniter.php(326): CodeIgniter\CodeIgniter->handleRequest(NULL, Object(Config\Cache), false)
#3 C:\xampp\htdocs\Hamm\index.php(37): CodeIgniter\CodeIgniter->run()
#4 {main}
CRITICAL - 2022-06-09 21:17:24 --> Call to a member function insert() on null
#0 C:\xampp\htdocs\Hamm\system\CodeIgniter.php(832): App\Controllers\Carrito_controller->agregar_carrito()
#1 C:\xampp\htdocs\Hamm\system\CodeIgniter.php(419): CodeIgniter\CodeIgniter->runController(Object(App\Controllers\Carrito_controller))
#2 C:\xampp\htdocs\Hamm\system\CodeIgniter.php(326): CodeIgniter\CodeIgniter->handleRequest(NULL, Object(Config\Cache), false)
#3 C:\xampp\htdocs\Hamm\index.php(37): CodeIgniter\CodeIgniter->run()
#4 {main}
CRITICAL - 2022-06-09 21:23:12 --> Call to a member function insert() on null
#0 C:\xampp\htdocs\Hamm\system\CodeIgniter.php(832): App\Controllers\Carrito_controller->agregar_carrito()
#1 C:\xampp\htdocs\Hamm\system\CodeIgniter.php(419): CodeIgniter\CodeIgniter->runController(Object(App\Controllers\Carrito_controller))
#2 C:\xampp\htdocs\Hamm\system\CodeIgniter.php(326): CodeIgniter\CodeIgniter->handleRequest(NULL, Object(Config\Cache), false)
#3 C:\xampp\htdocs\Hamm\index.php(37): CodeIgniter\CodeIgniter->run()
#4 {main}
CRITICAL - 2022-06-09 21:27:00 --> Call to a member function insert() on null
#0 C:\xampp\htdocs\Hamm\system\CodeIgniter.php(832): App\Controllers\Carrito_controller->agregar_carrito()
#1 C:\xampp\htdocs\Hamm\system\CodeIgniter.php(419): CodeIgniter\CodeIgniter->runController(Object(App\Controllers\Carrito_controller))
#2 C:\xampp\htdocs\Hamm\system\CodeIgniter.php(326): CodeIgniter\CodeIgniter->handleRequest(NULL, Object(Config\Cache), false)
#3 C:\xampp\htdocs\Hamm\index.php(37): CodeIgniter\CodeIgniter->run()
#4 {main}
CRITICAL - 2022-06-09 21:36:46 --> syntax error, unexpected 'if' (T_IF)
#0 C:\xampp\htdocs\Hamm\system\CodeIgniter.php(368): CodeIgniter\CodeIgniter->tryToRouteIt(NULL)
#1 C:\xampp\htdocs\Hamm\system\CodeIgniter.php(326): CodeIgniter\CodeIgniter->handleRequest(NULL, Object(Config\Cache), false)
#2 C:\xampp\htdocs\Hamm\index.php(37): CodeIgniter\CodeIgniter->run()
#3 {main}
CRITICAL - 2022-06-09 21:36:50 --> syntax error, unexpected 'if' (T_IF)
#0 C:\xampp\htdocs\Hamm\system\CodeIgniter.php(368): CodeIgniter\CodeIgniter->tryToRouteIt(NULL)
#1 C:\xampp\htdocs\Hamm\system\CodeIgniter.php(326): CodeIgniter\CodeIgniter->handleRequest(NULL, Object(Config\Cache), false)
#2 C:\xampp\htdocs\Hamm\index.php(37): CodeIgniter\CodeIgniter->run()
#3 {main}
CRITICAL - 2022-06-09 21:37:16 --> Call to a member function contents() on null
#0 C:\xampp\htdocs\Hamm\system\View\View.php(210): include()
#1 C:\xampp\htdocs\Hamm\system\View\View.php(213): CodeIgniter\View\View->CodeIgniter\View\{closure}()
#2 C:\xampp\htdocs\Hamm\system\Common.php(1089): CodeIgniter\View\View->render('back/carrito/ve...', Array, true)
#3 C:\xampp\htdocs\Hamm\app\Controllers\Carrito_controller.php(27): view('back/carrito/ve...', Array)
#4 C:\xampp\htdocs\Hamm\system\CodeIgniter.php(832): App\Controllers\Carrito_controller->ver_carrito()
#5 C:\xampp\htdocs\Hamm\system\CodeIgniter.php(419): CodeIgniter\CodeIgniter->runController(Object(App\Controllers\Carrito_controller))
#6 C:\xampp\htdocs\Hamm\system\CodeIgniter.php(326): CodeIgniter\CodeIgniter->handleRequest(NULL, Object(Config\Cache), false)
#7 C:\xampp\htdocs\Hamm\index.php(37): CodeIgniter\CodeIgniter->run()
#8 {main}
CRITICAL - 2022-06-09 21:47:42 --> Call to a member function contents() on null
#0 C:\xampp\htdocs\Hamm\system\View\View.php(210): include()
#1 C:\xampp\htdocs\Hamm\system\View\View.php(213): CodeIgniter\View\View->CodeIgniter\View\{closure}()
#2 C:\xampp\htdocs\Hamm\system\Common.php(1089): CodeIgniter\View\View->render('back/carrito/ve...', Array, true)
#3 C:\xampp\htdocs\Hamm\app\Controllers\Carrito_controller.php(27): view('back/carrito/ve...', Array)
#4 C:\xampp\htdocs\Hamm\system\CodeIgniter.php(832): App\Controllers\Carrito_controller->ver_carrito()
#5 C:\xampp\htdocs\Hamm\system\CodeIgniter.php(419): CodeIgniter\CodeIgniter->runController(Object(App\Controllers\Carrito_controller))
#6 C:\xampp\htdocs\Hamm\system\CodeIgniter.php(326): CodeIgniter\CodeIgniter->handleRequest(NULL, Object(Config\Cache), false)
#7 C:\xampp\htdocs\Hamm\index.php(37): CodeIgniter\CodeIgniter->run()
#8 {main}
CRITICAL - 2022-06-09 21:47:52 --> Call to a member function contents() on null
#0 C:\xampp\htdocs\Hamm\system\View\View.php(210): include()
#1 C:\xampp\htdocs\Hamm\system\View\View.php(213): CodeIgniter\View\View->CodeIgniter\View\{closure}()
#2 C:\xampp\htdocs\Hamm\system\Common.php(1089): CodeIgniter\View\View->render('back/carrito/ve...', Array, true)
#3 C:\xampp\htdocs\Hamm\app\Controllers\Carrito_controller.php(27): view('back/carrito/ve...', Array)
#4 C:\xampp\htdocs\Hamm\system\CodeIgniter.php(832): App\Controllers\Carrito_controller->ver_carrito()
#5 C:\xampp\htdocs\Hamm\system\CodeIgniter.php(419): CodeIgniter\CodeIgniter->runController(Object(App\Controllers\Carrito_controller))
#6 C:\xampp\htdocs\Hamm\system\CodeIgniter.php(326): CodeIgniter\CodeIgniter->handleRequest(NULL, Object(Config\Cache), false)
#7 C:\xampp\htdocs\Hamm\index.php(37): CodeIgniter\CodeIgniter->run()
#8 {main}
CRITICAL - 2022-06-09 21:51:33 --> Call to a member function insert() on null
#0 C:\xampp\htdocs\Hamm\system\CodeIgniter.php(832): App\Controllers\Carrito_controller->agregar_carrito()
#1 C:\xampp\htdocs\Hamm\system\CodeIgniter.php(419): CodeIgniter\CodeIgniter->runController(Object(App\Controllers\Carrito_controller))
#2 C:\xampp\htdocs\Hamm\system\CodeIgniter.php(326): CodeIgniter\CodeIgniter->handleRequest(NULL, Object(Config\Cache), false)
#3 C:\xampp\htdocs\Hamm\index.php(37): CodeIgniter\CodeIgniter->run()
#4 {main}
CRITICAL - 2022-06-09 22:07:45 --> Undefined property: CodeIgniter\View\View::$
#0 C:\xampp\htdocs\Hamm\app\Views\back\carrito\ver_carrito.php(30): CodeIgniter\Debug\Exceptions->errorHandler(8, 'Undefined prope...', 'C:\\xampp\\htdocs...', 30, Array)
#1 C:\xampp\htdocs\Hamm\system\View\View.php(210): include('C:\\xampp\\htdocs...')
#2 C:\xampp\htdocs\Hamm\system\View\View.php(213): CodeIgniter\View\View->CodeIgniter\View\{closure}()
#3 C:\xampp\htdocs\Hamm\system\Common.php(1089): CodeIgniter\View\View->render('back/carrito/ve...', Array, true)
#4 C:\xampp\htdocs\Hamm\app\Controllers\Carrito_controller.php(27): view('back/carrito/ve...', Array)
#5 C:\xampp\htdocs\Hamm\system\CodeIgniter.php(832): App\Controllers\Carrito_controller->ver_carrito()
#6 C:\xampp\htdocs\Hamm\system\CodeIgniter.php(419): CodeIgniter\CodeIgniter->runController(Object(App\Controllers\Carrito_controller))
#7 C:\xampp\htdocs\Hamm\system\CodeIgniter.php(326): CodeIgniter\CodeIgniter->handleRequest(NULL, Object(Config\Cache), false)
#8 C:\xampp\htdocs\Hamm\index.php(37): CodeIgniter\CodeIgniter->run()
#9 {main}
CRITICAL - 2022-06-09 22:34:42 --> Undefined property: CodeIgniter\View\View::$
#0 C:\xampp\htdocs\Hamm\app\Views\back\carrito\ver_carrito.php(30): CodeIgniter\Debug\Exceptions->errorHandler(8, 'Undefined prope...', 'C:\\xampp\\htdocs...', 30, Array)
#1 C:\xampp\htdocs\Hamm\system\View\View.php(210): include('C:\\xampp\\htdocs...')
#2 C:\xampp\htdocs\Hamm\system\View\View.php(213): CodeIgniter\View\View->CodeIgniter\View\{closure}()
#3 C:\xampp\htdocs\Hamm\system\Common.php(1089): CodeIgniter\View\View->render('back/carrito/ve...', Array, true)
#4 C:\xampp\htdocs\Hamm\app\Controllers\Carrito_controller.php(27): view('back/carrito/ve...', Array)
#5 C:\xampp\htdocs\Hamm\system\CodeIgniter.php(832): App\Controllers\Carrito_controller->ver_carrito()
#6 C:\xampp\htdocs\Hamm\system\CodeIgniter.php(419): CodeIgniter\CodeIgniter->runController(Object(App\Controllers\Carrito_controller))
#7 C:\xampp\htdocs\Hamm\system\CodeIgniter.php(326): CodeIgniter\CodeIgniter->handleRequest(NULL, Object(Config\Cache), false)
#8 C:\xampp\htdocs\Hamm\index.php(37): CodeIgniter\CodeIgniter->run()
#9 {main}
CRITICAL - 2022-06-09 22:39:12 --> Undefined property: CodeIgniter\View\View::$
#0 C:\xampp\htdocs\Hamm\app\Views\back\carrito\ver_carrito.php(29): CodeIgniter\Debug\Exceptions->errorHandler(8, 'Undefined prope...', 'C:\\xampp\\htdocs...', 29, Array)
#1 C:\xampp\htdocs\Hamm\system\View\View.php(210): include('C:\\xampp\\htdocs...')
#2 C:\xampp\htdocs\Hamm\system\View\View.php(213): CodeIgniter\View\View->CodeIgniter\View\{closure}()
#3 C:\xampp\htdocs\Hamm\system\Common.php(1089): CodeIgniter\View\View->render('back/carrito/ve...', Array, true)
#4 C:\xampp\htdocs\Hamm\app\Controllers\Carrito_controller.php(27): view('back/carrito/ve...', Array)
#5 C:\xampp\htdocs\Hamm\system\CodeIgniter.php(832): App\Controllers\Carrito_controller->ver_carrito()
#6 C:\xampp\htdocs\Hamm\system\CodeIgniter.php(419): CodeIgniter\CodeIgniter->runController(Object(App\Controllers\Carrito_controller))
#7 C:\xampp\htdocs\Hamm\system\CodeIgniter.php(326): CodeIgniter\CodeIgniter->handleRequest(NULL, Object(Config\Cache), false)
#8 C:\xampp\htdocs\Hamm\index.php(37): CodeIgniter\CodeIgniter->run()
#9 {main}
CRITICAL - 2022-06-09 22:40:31 --> Undefined property: CodeIgniter\View\View::$
#0 C:\xampp\htdocs\Hamm\app\Views\back\carrito\ver_carrito.php(29): CodeIgniter\Debug\Exceptions->errorHandler(8, 'Undefined prope...', 'C:\\xampp\\htdocs...', 29, Array)
#1 C:\xampp\htdocs\Hamm\system\View\View.php(210): include('C:\\xampp\\htdocs...')
#2 C:\xampp\htdocs\Hamm\system\View\View.php(213): CodeIgniter\View\View->CodeIgniter\View\{closure}()
#3 C:\xampp\htdocs\Hamm\system\Common.php(1089): CodeIgniter\View\View->render('back/carrito/ve...', Array, true)
#4 C:\xampp\htdocs\Hamm\app\Controllers\Carrito_controller.php(27): view('back/carrito/ve...', Array)
#5 C:\xampp\htdocs\Hamm\system\CodeIgniter.php(832): App\Controllers\Carrito_controller->ver_carrito()
#6 C:\xampp\htdocs\Hamm\system\CodeIgniter.php(419): CodeIgniter\CodeIgniter->runController(Object(App\Controllers\Carrito_controller))
#7 C:\xampp\htdocs\Hamm\system\CodeIgniter.php(326): CodeIgniter\CodeIgniter->handleRequest(NULL, Object(Config\Cache), false)
#8 C:\xampp\htdocs\Hamm\index.php(37): CodeIgniter\CodeIgniter->run()
#9 {main}
CRITICAL - 2022-06-09 22:41:02 --> Call to a member function contents() on null
#0 C:\xampp\htdocs\Hamm\system\View\View.php(210): include()
#1 C:\xampp\htdocs\Hamm\system\View\View.php(213): CodeIgniter\View\View->CodeIgniter\View\{closure}()
#2 C:\xampp\htdocs\Hamm\system\Common.php(1089): CodeIgniter\View\View->render('back/carrito/ve...', Array, true)
#3 C:\xampp\htdocs\Hamm\app\Controllers\Carrito_controller.php(27): view('back/carrito/ve...', Array)
#4 C:\xampp\htdocs\Hamm\system\CodeIgniter.php(832): App\Controllers\Carrito_controller->ver_carrito()
#5 C:\xampp\htdocs\Hamm\system\CodeIgniter.php(419): CodeIgniter\CodeIgniter->runController(Object(App\Controllers\Carrito_controller))
#6 C:\xampp\htdocs\Hamm\system\CodeIgniter.php(326): CodeIgniter\CodeIgniter->handleRequest(NULL, Object(Config\Cache), false)
#7 C:\xampp\htdocs\Hamm\index.php(37): CodeIgniter\CodeIgniter->run()
#8 {main}
CRITICAL - 2022-06-09 22:43:13 --> Call to a member function contents() on null
#0 C:\xampp\htdocs\Hamm\system\View\View.php(210): include()
#1 C:\xampp\htdocs\Hamm\system\View\View.php(213): CodeIgniter\View\View->CodeIgniter\View\{closure}()
#2 C:\xampp\htdocs\Hamm\system\Common.php(1089): CodeIgniter\View\View->render('back/carrito/ve...', Array, true)
#3 C:\xampp\htdocs\Hamm\app\Controllers\Carrito_controller.php(27): view('back/carrito/ve...', Array)
#4 C:\xampp\htdocs\Hamm\system\CodeIgniter.php(832): App\Controllers\Carrito_controller->ver_carrito()
#5 C:\xampp\htdocs\Hamm\system\CodeIgniter.php(419): CodeIgniter\CodeIgniter->runController(Object(App\Controllers\Carrito_controller))
#6 C:\xampp\htdocs\Hamm\system\CodeIgniter.php(326): CodeIgniter\CodeIgniter->handleRequest(NULL, Object(Config\Cache), false)
#7 C:\xampp\htdocs\Hamm\index.php(37): CodeIgniter\CodeIgniter->run()
#8 {main}
CRITICAL - 2022-06-09 22:47:56 -->  route cannot be found while reverse-routing.
#0 C:\xampp\htdocs\Hamm\system\HTTP\RedirectResponse.php(56): CodeIgniter\HTTP\Exceptions\HTTPException::forInvalidRedirectRoute('')
#1 C:\xampp\htdocs\Hamm\app\Controllers\Carrito_controller.php(18): CodeIgniter\HTTP\RedirectResponse->route(false)
#2 C:\xampp\htdocs\Hamm\system\CodeIgniter.php(832): App\Controllers\Carrito_controller->agregar_carrito()
#3 C:\xampp\htdocs\Hamm\system\CodeIgniter.php(419): CodeIgniter\CodeIgniter->runController(Object(App\Controllers\Carrito_controller))
#4 C:\xampp\htdocs\Hamm\system\CodeIgniter.php(326): CodeIgniter\CodeIgniter->handleRequest(NULL, Object(Config\Cache), false)
#5 C:\xampp\htdocs\Hamm\index.php(37): CodeIgniter\CodeIgniter->run()
#6 {main}
