CRITICAL - 2022-05-30 01:24:38 --> Call to undefined function set_value()
#0 C:\xampp\htdocs\Hamm\system\View\View.php(210): include()
#1 C:\xampp\htdocs\Hamm\system\View\View.php(213): CodeIgniter\View\View->CodeIgniter\View\{closure}()
#2 C:\xampp\htdocs\Hamm\system\Common.php(1089): CodeIgniter\View\View->render('front/loggin', Array, true)
#3 C:\xampp\htdocs\Hamm\app\Controllers\Home.php(29): view('front/loggin')
#4 C:\xampp\htdocs\Hamm\system\CodeIgniter.php(832): App\Controllers\Home->loggin()
#5 C:\xampp\htdocs\Hamm\system\CodeIgniter.php(419): CodeIgniter\CodeIgniter->runController(Object(App\Controllers\Home))
#6 C:\xampp\htdocs\Hamm\system\CodeIgniter.php(326): CodeIgniter\CodeIgniter->handleRequest(NULL, Object(Config\Cache), false)
#7 C:\xampp\htdocs\Hamm\index.php(37): CodeIgniter\CodeIgniter->run()
#8 {main}
CRITICAL - 2022-05-30 01:24:47 --> Call to undefined function set_value()
#0 C:\xampp\htdocs\Hamm\system\View\View.php(210): include()
#1 C:\xampp\htdocs\Hamm\system\View\View.php(213): CodeIgniter\View\View->CodeIgniter\View\{closure}()
#2 C:\xampp\htdocs\Hamm\system\Common.php(1089): CodeIgniter\View\View->render('front/loggin', Array, true)
#3 C:\xampp\htdocs\Hamm\app\Controllers\Home.php(29): view('front/loggin')
#4 C:\xampp\htdocs\Hamm\system\CodeIgniter.php(832): App\Controllers\Home->loggin()
#5 C:\xampp\htdocs\Hamm\system\CodeIgniter.php(419): CodeIgniter\CodeIgniter->runController(Object(App\Controllers\Home))
#6 C:\xampp\htdocs\Hamm\system\CodeIgniter.php(326): CodeIgniter\CodeIgniter->handleRequest(NULL, Object(Config\Cache), false)
#7 C:\xampp\htdocs\Hamm\index.php(37): CodeIgniter\CodeIgniter->run()
#8 {main}
CRITICAL - 2022-05-30 03:39:17 --> file_get_contents(): read of 8192 bytes failed with errno=13 Permission denied
#0 [internal function]: CodeIgniter\Debug\Exceptions->errorHandler(8, 'file_get_conten...', 'C:\\xampp\\htdocs...', 80, Array)
#1 C:\xampp\htdocs\Hamm\system\Debug\Toolbar\Collectors\History.php(80): file_get_contents('C:\\xampp\\htdocs...')
#2 C:\xampp\htdocs\Hamm\system\Debug\Toolbar.php(487): CodeIgniter\Debug\Toolbar\Collectors\History->setFiles(1653899957, 20)
#3 C:\xampp\htdocs\Hamm\system\Debug\Toolbar.php(464): CodeIgniter\Debug\Toolbar->format(Array, 'html')
#4 C:\xampp\htdocs\Hamm\app\Config\Events.php(48): CodeIgniter\Debug\Toolbar->respond()
#5 C:\xampp\htdocs\Hamm\system\Events\Events.php(149): CodeIgniter\Events\Events::Config\{closure}()
#6 C:\xampp\htdocs\Hamm\system\CodeIgniter.php(308): CodeIgniter\Events\Events::trigger('pre_system')
#7 C:\xampp\htdocs\Hamm\index.php(37): CodeIgniter\CodeIgniter->run()
#8 {main}
CRITICAL - 2022-05-30 17:55:26 --> syntax error, unexpected '/'
#0 C:\xampp\htdocs\Hamm\system\View\View.php(213): CodeIgniter\View\View->CodeIgniter\View\{closure}()
#1 C:\xampp\htdocs\Hamm\system\Common.php(1089): CodeIgniter\View\View->render('front/loggin', Array, true)
#2 C:\xampp\htdocs\Hamm\app\Controllers\Home.php(29): view('front/loggin')
#3 C:\xampp\htdocs\Hamm\system\CodeIgniter.php(832): App\Controllers\Home->loggin()
#4 C:\xampp\htdocs\Hamm\system\CodeIgniter.php(419): CodeIgniter\CodeIgniter->runController(Object(App\Controllers\Home))
#5 C:\xampp\htdocs\Hamm\system\CodeIgniter.php(326): CodeIgniter\CodeIgniter->handleRequest(NULL, Object(Config\Cache), false)
#6 C:\xampp\htdocs\Hamm\index.php(37): CodeIgniter\CodeIgniter->run()
#7 {main}
CRITICAL - 2022-05-30 17:55:30 --> syntax error, unexpected '/'
#0 C:\xampp\htdocs\Hamm\system\View\View.php(213): CodeIgniter\View\View->CodeIgniter\View\{closure}()
#1 C:\xampp\htdocs\Hamm\system\Common.php(1089): CodeIgniter\View\View->render('front/loggin', Array, true)
#2 C:\xampp\htdocs\Hamm\app\Controllers\Home.php(29): view('front/loggin')
#3 C:\xampp\htdocs\Hamm\system\CodeIgniter.php(832): App\Controllers\Home->loggin()
#4 C:\xampp\htdocs\Hamm\system\CodeIgniter.php(419): CodeIgniter\CodeIgniter->runController(Object(App\Controllers\Home))
#5 C:\xampp\htdocs\Hamm\system\CodeIgniter.php(326): CodeIgniter\CodeIgniter->handleRequest(NULL, Object(Config\Cache), false)
#6 C:\xampp\htdocs\Hamm\index.php(37): CodeIgniter\CodeIgniter->run()
#7 {main}
CRITICAL - 2022-05-30 17:55:53 --> syntax error, unexpected '/', expecting end of file
#0 C:\xampp\htdocs\Hamm\system\View\View.php(213): CodeIgniter\View\View->CodeIgniter\View\{closure}()
#1 C:\xampp\htdocs\Hamm\system\Common.php(1089): CodeIgniter\View\View->render('front/loggin', Array, true)
#2 C:\xampp\htdocs\Hamm\app\Controllers\Home.php(29): view('front/loggin')
#3 C:\xampp\htdocs\Hamm\system\CodeIgniter.php(832): App\Controllers\Home->loggin()
#4 C:\xampp\htdocs\Hamm\system\CodeIgniter.php(419): CodeIgniter\CodeIgniter->runController(Object(App\Controllers\Home))
#5 C:\xampp\htdocs\Hamm\system\CodeIgniter.php(326): CodeIgniter\CodeIgniter->handleRequest(NULL, Object(Config\Cache), false)
#6 C:\xampp\htdocs\Hamm\index.php(37): CodeIgniter\CodeIgniter->run()
#7 {main}
CRITICAL - 2022-05-30 17:55:54 --> syntax error, unexpected '/', expecting end of file
#0 C:\xampp\htdocs\Hamm\system\View\View.php(213): CodeIgniter\View\View->CodeIgniter\View\{closure}()
#1 C:\xampp\htdocs\Hamm\system\Common.php(1089): CodeIgniter\View\View->render('front/loggin', Array, true)
#2 C:\xampp\htdocs\Hamm\app\Controllers\Home.php(29): view('front/loggin')
#3 C:\xampp\htdocs\Hamm\system\CodeIgniter.php(832): App\Controllers\Home->loggin()
#4 C:\xampp\htdocs\Hamm\system\CodeIgniter.php(419): CodeIgniter\CodeIgniter->runController(Object(App\Controllers\Home))
#5 C:\xampp\htdocs\Hamm\system\CodeIgniter.php(326): CodeIgniter\CodeIgniter->handleRequest(NULL, Object(Config\Cache), false)
#6 C:\xampp\htdocs\Hamm\index.php(37): CodeIgniter\CodeIgniter->run()
#7 {main}
CRITICAL - 2022-05-30 17:55:55 --> syntax error, unexpected '/', expecting end of file
#0 C:\xampp\htdocs\Hamm\system\View\View.php(213): CodeIgniter\View\View->CodeIgniter\View\{closure}()
#1 C:\xampp\htdocs\Hamm\system\Common.php(1089): CodeIgniter\View\View->render('front/loggin', Array, true)
#2 C:\xampp\htdocs\Hamm\app\Controllers\Home.php(29): view('front/loggin')
#3 C:\xampp\htdocs\Hamm\system\CodeIgniter.php(832): App\Controllers\Home->loggin()
#4 C:\xampp\htdocs\Hamm\system\CodeIgniter.php(419): CodeIgniter\CodeIgniter->runController(Object(App\Controllers\Home))
#5 C:\xampp\htdocs\Hamm\system\CodeIgniter.php(326): CodeIgniter\CodeIgniter->handleRequest(NULL, Object(Config\Cache), false)
#6 C:\xampp\htdocs\Hamm\index.php(37): CodeIgniter\CodeIgniter->run()
#7 {main}
CRITICAL - 2022-05-30 22:46:11 --> syntax error, unexpected '/', expecting end of file
#0 C:\xampp\htdocs\Hamm\system\View\View.php(213): CodeIgniter\View\View->CodeIgniter\View\{closure}()
#1 C:\xampp\htdocs\Hamm\system\Common.php(1089): CodeIgniter\View\View->render('front/loggin', Array, true)
#2 C:\xampp\htdocs\Hamm\app\Controllers\Home.php(29): view('front/loggin')
#3 C:\xampp\htdocs\Hamm\system\CodeIgniter.php(832): App\Controllers\Home->loggin()
#4 C:\xampp\htdocs\Hamm\system\CodeIgniter.php(419): CodeIgniter\CodeIgniter->runController(Object(App\Controllers\Home))
#5 C:\xampp\htdocs\Hamm\system\CodeIgniter.php(326): CodeIgniter\CodeIgniter->handleRequest(NULL, Object(Config\Cache), false)
#6 C:\xampp\htdocs\Hamm\index.php(37): CodeIgniter\CodeIgniter->run()
#7 {main}
CRITICAL - 2022-05-30 22:46:13 --> syntax error, unexpected '/', expecting end of file
#0 C:\xampp\htdocs\Hamm\system\View\View.php(213): CodeIgniter\View\View->CodeIgniter\View\{closure}()
#1 C:\xampp\htdocs\Hamm\system\Common.php(1089): CodeIgniter\View\View->render('front/loggin', Array, true)
#2 C:\xampp\htdocs\Hamm\app\Controllers\Home.php(29): view('front/loggin')
#3 C:\xampp\htdocs\Hamm\system\CodeIgniter.php(832): App\Controllers\Home->loggin()
#4 C:\xampp\htdocs\Hamm\system\CodeIgniter.php(419): CodeIgniter\CodeIgniter->runController(Object(App\Controllers\Home))
#5 C:\xampp\htdocs\Hamm\system\CodeIgniter.php(326): CodeIgniter\CodeIgniter->handleRequest(NULL, Object(Config\Cache), false)
#6 C:\xampp\htdocs\Hamm\index.php(37): CodeIgniter\CodeIgniter->run()
#7 {main}
CRITICAL - 2022-05-30 22:46:14 --> syntax error, unexpected '/', expecting end of file
#0 C:\xampp\htdocs\Hamm\system\View\View.php(213): CodeIgniter\View\View->CodeIgniter\View\{closure}()
#1 C:\xampp\htdocs\Hamm\system\Common.php(1089): CodeIgniter\View\View->render('front/loggin', Array, true)
#2 C:\xampp\htdocs\Hamm\app\Controllers\Home.php(29): view('front/loggin')
#3 C:\xampp\htdocs\Hamm\system\CodeIgniter.php(832): App\Controllers\Home->loggin()
#4 C:\xampp\htdocs\Hamm\system\CodeIgniter.php(419): CodeIgniter\CodeIgniter->runController(Object(App\Controllers\Home))
#5 C:\xampp\htdocs\Hamm\system\CodeIgniter.php(326): CodeIgniter\CodeIgniter->handleRequest(NULL, Object(Config\Cache), false)
#6 C:\xampp\htdocs\Hamm\index.php(37): CodeIgniter\CodeIgniter->run()
#7 {main}
CRITICAL - 2022-05-30 22:46:35 --> syntax error, unexpected 'Usuario_controller' (T_STRING), expecting ';' or ','
#0 C:\xampp\htdocs\Hamm\system\View\View.php(213): CodeIgniter\View\View->CodeIgniter\View\{closure}()
#1 C:\xampp\htdocs\Hamm\system\Common.php(1089): CodeIgniter\View\View->render('front/loggin', Array, true)
#2 C:\xampp\htdocs\Hamm\app\Controllers\Home.php(29): view('front/loggin')
#3 C:\xampp\htdocs\Hamm\system\CodeIgniter.php(832): App\Controllers\Home->loggin()
#4 C:\xampp\htdocs\Hamm\system\CodeIgniter.php(419): CodeIgniter\CodeIgniter->runController(Object(App\Controllers\Home))
#5 C:\xampp\htdocs\Hamm\system\CodeIgniter.php(326): CodeIgniter\CodeIgniter->handleRequest(NULL, Object(Config\Cache), false)
#6 C:\xampp\htdocs\Hamm\index.php(37): CodeIgniter\CodeIgniter->run()
#7 {main}
CRITICAL - 2022-05-30 22:46:36 --> syntax error, unexpected 'Usuario_controller' (T_STRING), expecting ';' or ','
#0 C:\xampp\htdocs\Hamm\system\View\View.php(213): CodeIgniter\View\View->CodeIgniter\View\{closure}()
#1 C:\xampp\htdocs\Hamm\system\Common.php(1089): CodeIgniter\View\View->render('front/loggin', Array, true)
#2 C:\xampp\htdocs\Hamm\app\Controllers\Home.php(29): view('front/loggin')
#3 C:\xampp\htdocs\Hamm\system\CodeIgniter.php(832): App\Controllers\Home->loggin()
#4 C:\xampp\htdocs\Hamm\system\CodeIgniter.php(419): CodeIgniter\CodeIgniter->runController(Object(App\Controllers\Home))
#5 C:\xampp\htdocs\Hamm\system\CodeIgniter.php(326): CodeIgniter\CodeIgniter->handleRequest(NULL, Object(Config\Cache), false)
#6 C:\xampp\htdocs\Hamm\index.php(37): CodeIgniter\CodeIgniter->run()
#7 {main}
CRITICAL - 2022-05-30 22:46:53 --> syntax error, unexpected 'Usuario_controller' (T_STRING), expecting ';' or ','
#0 C:\xampp\htdocs\Hamm\system\View\View.php(213): CodeIgniter\View\View->CodeIgniter\View\{closure}()
#1 C:\xampp\htdocs\Hamm\system\Common.php(1089): CodeIgniter\View\View->render('front/loggin', Array, true)
#2 C:\xampp\htdocs\Hamm\app\Controllers\Home.php(29): view('front/loggin')
#3 C:\xampp\htdocs\Hamm\system\CodeIgniter.php(832): App\Controllers\Home->loggin()
#4 C:\xampp\htdocs\Hamm\system\CodeIgniter.php(419): CodeIgniter\CodeIgniter->runController(Object(App\Controllers\Home))
#5 C:\xampp\htdocs\Hamm\system\CodeIgniter.php(326): CodeIgniter\CodeIgniter->handleRequest(NULL, Object(Config\Cache), false)
#6 C:\xampp\htdocs\Hamm\index.php(37): CodeIgniter\CodeIgniter->run()
#7 {main}
CRITICAL - 2022-05-30 22:47:39 --> Use of undefined constant Usuario_controller - assumed 'Usuario_controller' (this will throw an Error in a future version of PHP)
#0 C:\xampp\htdocs\Hamm\app\Views\front\loggin.php(16): CodeIgniter\Debug\Exceptions->errorHandler(2, 'Use of undefine...', 'C:\\xampp\\htdocs...', 16, Array)
#1 C:\xampp\htdocs\Hamm\system\View\View.php(210): include('C:\\xampp\\htdocs...')
#2 C:\xampp\htdocs\Hamm\system\View\View.php(213): CodeIgniter\View\View->CodeIgniter\View\{closure}()
#3 C:\xampp\htdocs\Hamm\system\Common.php(1089): CodeIgniter\View\View->render('front/loggin', Array, true)
#4 C:\xampp\htdocs\Hamm\app\Controllers\Home.php(29): view('front/loggin')
#5 C:\xampp\htdocs\Hamm\system\CodeIgniter.php(832): App\Controllers\Home->loggin()
#6 C:\xampp\htdocs\Hamm\system\CodeIgniter.php(419): CodeIgniter\CodeIgniter->runController(Object(App\Controllers\Home))
#7 C:\xampp\htdocs\Hamm\system\CodeIgniter.php(326): CodeIgniter\CodeIgniter->handleRequest(NULL, Object(Config\Cache), false)
#8 C:\xampp\htdocs\Hamm\index.php(37): CodeIgniter\CodeIgniter->run()
#9 {main}
CRITICAL - 2022-05-30 22:47:40 --> Use of undefined constant Usuario_controller - assumed 'Usuario_controller' (this will throw an Error in a future version of PHP)
#0 C:\xampp\htdocs\Hamm\app\Views\front\loggin.php(16): CodeIgniter\Debug\Exceptions->errorHandler(2, 'Use of undefine...', 'C:\\xampp\\htdocs...', 16, Array)
#1 C:\xampp\htdocs\Hamm\system\View\View.php(210): include('C:\\xampp\\htdocs...')
#2 C:\xampp\htdocs\Hamm\system\View\View.php(213): CodeIgniter\View\View->CodeIgniter\View\{closure}()
#3 C:\xampp\htdocs\Hamm\system\Common.php(1089): CodeIgniter\View\View->render('front/loggin', Array, true)
#4 C:\xampp\htdocs\Hamm\app\Controllers\Home.php(29): view('front/loggin')
#5 C:\xampp\htdocs\Hamm\system\CodeIgniter.php(832): App\Controllers\Home->loggin()
#6 C:\xampp\htdocs\Hamm\system\CodeIgniter.php(419): CodeIgniter\CodeIgniter->runController(Object(App\Controllers\Home))
#7 C:\xampp\htdocs\Hamm\system\CodeIgniter.php(326): CodeIgniter\CodeIgniter->handleRequest(NULL, Object(Config\Cache), false)
#8 C:\xampp\htdocs\Hamm\index.php(37): CodeIgniter\CodeIgniter->run()
#9 {main}
CRITICAL - 2022-05-30 22:48:01 --> Use of undefined constant auth - assumed 'auth' (this will throw an Error in a future version of PHP)
#0 C:\xampp\htdocs\Hamm\app\Views\front\loggin.php(17): CodeIgniter\Debug\Exceptions->errorHandler(2, 'Use of undefine...', 'C:\\xampp\\htdocs...', 17, Array)
#1 C:\xampp\htdocs\Hamm\system\View\View.php(210): include('C:\\xampp\\htdocs...')
#2 C:\xampp\htdocs\Hamm\system\View\View.php(213): CodeIgniter\View\View->CodeIgniter\View\{closure}()
#3 C:\xampp\htdocs\Hamm\system\Common.php(1089): CodeIgniter\View\View->render('front/loggin', Array, true)
#4 C:\xampp\htdocs\Hamm\app\Controllers\Home.php(29): view('front/loggin')
#5 C:\xampp\htdocs\Hamm\system\CodeIgniter.php(832): App\Controllers\Home->loggin()
#6 C:\xampp\htdocs\Hamm\system\CodeIgniter.php(419): CodeIgniter\CodeIgniter->runController(Object(App\Controllers\Home))
#7 C:\xampp\htdocs\Hamm\system\CodeIgniter.php(326): CodeIgniter\CodeIgniter->handleRequest(NULL, Object(Config\Cache), false)
#8 C:\xampp\htdocs\Hamm\index.php(37): CodeIgniter\CodeIgniter->run()
#9 {main}
CRITICAL - 2022-05-30 22:48:03 --> Use of undefined constant auth - assumed 'auth' (this will throw an Error in a future version of PHP)
#0 C:\xampp\htdocs\Hamm\app\Views\front\loggin.php(17): CodeIgniter\Debug\Exceptions->errorHandler(2, 'Use of undefine...', 'C:\\xampp\\htdocs...', 17, Array)
#1 C:\xampp\htdocs\Hamm\system\View\View.php(210): include('C:\\xampp\\htdocs...')
#2 C:\xampp\htdocs\Hamm\system\View\View.php(213): CodeIgniter\View\View->CodeIgniter\View\{closure}()
#3 C:\xampp\htdocs\Hamm\system\Common.php(1089): CodeIgniter\View\View->render('front/loggin', Array, true)
#4 C:\xampp\htdocs\Hamm\app\Controllers\Home.php(29): view('front/loggin')
#5 C:\xampp\htdocs\Hamm\system\CodeIgniter.php(832): App\Controllers\Home->loggin()
#6 C:\xampp\htdocs\Hamm\system\CodeIgniter.php(419): CodeIgniter\CodeIgniter->runController(Object(App\Controllers\Home))
#7 C:\xampp\htdocs\Hamm\system\CodeIgniter.php(326): CodeIgniter\CodeIgniter->handleRequest(NULL, Object(Config\Cache), false)
#8 C:\xampp\htdocs\Hamm\index.php(37): CodeIgniter\CodeIgniter->run()
#9 {main}
CRITICAL - 2022-05-30 22:50:36 --> Call to undefined function set_value()
#0 C:\xampp\htdocs\Hamm\system\View\View.php(210): include()
#1 C:\xampp\htdocs\Hamm\system\View\View.php(213): CodeIgniter\View\View->CodeIgniter\View\{closure}()
#2 C:\xampp\htdocs\Hamm\system\Common.php(1089): CodeIgniter\View\View->render('front/loggin', Array, true)
#3 C:\xampp\htdocs\Hamm\app\Controllers\Home.php(29): view('front/loggin')
#4 C:\xampp\htdocs\Hamm\system\CodeIgniter.php(832): App\Controllers\Home->loggin()
#5 C:\xampp\htdocs\Hamm\system\CodeIgniter.php(419): CodeIgniter\CodeIgniter->runController(Object(App\Controllers\Home))
#6 C:\xampp\htdocs\Hamm\system\CodeIgniter.php(326): CodeIgniter\CodeIgniter->handleRequest(NULL, Object(Config\Cache), false)
#7 C:\xampp\htdocs\Hamm\index.php(37): CodeIgniter\CodeIgniter->run()
#8 {main}
CRITICAL - 2022-05-30 22:50:38 --> Call to undefined function set_value()
#0 C:\xampp\htdocs\Hamm\system\View\View.php(210): include()
#1 C:\xampp\htdocs\Hamm\system\View\View.php(213): CodeIgniter\View\View->CodeIgniter\View\{closure}()
#2 C:\xampp\htdocs\Hamm\system\Common.php(1089): CodeIgniter\View\View->render('front/loggin', Array, true)
#3 C:\xampp\htdocs\Hamm\app\Controllers\Home.php(29): view('front/loggin')
#4 C:\xampp\htdocs\Hamm\system\CodeIgniter.php(832): App\Controllers\Home->loggin()
#5 C:\xampp\htdocs\Hamm\system\CodeIgniter.php(419): CodeIgniter\CodeIgniter->runController(Object(App\Controllers\Home))
#6 C:\xampp\htdocs\Hamm\system\CodeIgniter.php(326): CodeIgniter\CodeIgniter->handleRequest(NULL, Object(Config\Cache), false)
#7 C:\xampp\htdocs\Hamm\index.php(37): CodeIgniter\CodeIgniter->run()
#8 {main}
