ERROR - 2022-06-12 00:07:54 --> Unknown column 'consultas.deleted_at' in 'where clause'
CRITICAL - 2022-06-12 00:07:54 --> Unknown column 'consultas.deleted_at' in 'where clause'
#0 C:\xampp\htdocs\Hamm\system\Database\MySQLi\Connection.php(292): mysqli->query('SELECT *\nFROM `...', 0)
#1 C:\xampp\htdocs\Hamm\system\Database\BaseConnection.php(670): CodeIgniter\Database\MySQLi\Connection->execute('SELECT *\nFROM `...')
#2 C:\xampp\htdocs\Hamm\system\Database\BaseConnection.php(598): CodeIgniter\Database\BaseConnection->simpleQuery('SELECT *\nFROM `...')
#3 C:\xampp\htdocs\Hamm\system\Database\BaseBuilder.php(1455): CodeIgniter\Database\BaseConnection->query('SELECT *\nFROM `...', Array, false)
#4 C:\xampp\htdocs\Hamm\system\Model.php(183): CodeIgniter\Database\BaseBuilder->get()
#5 C:\xampp\htdocs\Hamm\system\BaseModel.php(584): CodeIgniter\Model->doFindAll(0, 0)
#6 C:\xampp\htdocs\Hamm\app\Controllers\Consulta_controller.php(44): CodeIgniter\BaseModel->findAll()
#7 C:\xampp\htdocs\Hamm\system\CodeIgniter.php(832): App\Controllers\Consulta_controller->ver_consulta()
#8 C:\xampp\htdocs\Hamm\system\CodeIgniter.php(419): CodeIgniter\CodeIgniter->runController(Object(App\Controllers\Consulta_controller))
#9 C:\xampp\htdocs\Hamm\system\CodeIgniter.php(326): CodeIgniter\CodeIgniter->handleRequest(NULL, Object(Config\Cache), false)
#10 C:\xampp\htdocs\Hamm\index.php(37): CodeIgniter\CodeIgniter->run()
#11 {main}
ERROR - 2022-06-12 00:09:05 --> Unknown column 'consultas.deleted_at' in 'where clause'
CRITICAL - 2022-06-12 00:09:05 --> Unknown column 'consultas.deleted_at' in 'where clause'
#0 C:\xampp\htdocs\Hamm\system\Database\MySQLi\Connection.php(292): mysqli->query('SELECT *\nFROM `...', 0)
#1 C:\xampp\htdocs\Hamm\system\Database\BaseConnection.php(670): CodeIgniter\Database\MySQLi\Connection->execute('SELECT *\nFROM `...')
#2 C:\xampp\htdocs\Hamm\system\Database\BaseConnection.php(598): CodeIgniter\Database\BaseConnection->simpleQuery('SELECT *\nFROM `...')
#3 C:\xampp\htdocs\Hamm\system\Database\BaseBuilder.php(1455): CodeIgniter\Database\BaseConnection->query('SELECT *\nFROM `...', Array, false)
#4 C:\xampp\htdocs\Hamm\system\Model.php(183): CodeIgniter\Database\BaseBuilder->get()
#5 C:\xampp\htdocs\Hamm\system\BaseModel.php(584): CodeIgniter\Model->doFindAll(0, 0)
#6 C:\xampp\htdocs\Hamm\app\Controllers\Consulta_controller.php(45): CodeIgniter\BaseModel->findAll()
#7 C:\xampp\htdocs\Hamm\system\CodeIgniter.php(832): App\Controllers\Consulta_controller->ver_consulta()
#8 C:\xampp\htdocs\Hamm\system\CodeIgniter.php(419): CodeIgniter\CodeIgniter->runController(Object(App\Controllers\Consulta_controller))
#9 C:\xampp\htdocs\Hamm\system\CodeIgniter.php(326): CodeIgniter\CodeIgniter->handleRequest(NULL, Object(Config\Cache), false)
#10 C:\xampp\htdocs\Hamm\index.php(37): CodeIgniter\CodeIgniter->run()
#11 {main}
CRITICAL - 2022-06-12 00:11:20 --> Call to undefined method App\Models\Consultas_models::getAll
#0 C:\xampp\htdocs\Hamm\app\Controllers\Consulta_controller.php(45): CodeIgniter\Model->__call('getAll', Array)
#1 C:\xampp\htdocs\Hamm\system\CodeIgniter.php(832): App\Controllers\Consulta_controller->ver_consulta()
#2 C:\xampp\htdocs\Hamm\system\CodeIgniter.php(419): CodeIgniter\CodeIgniter->runController(Object(App\Controllers\Consulta_controller))
#3 C:\xampp\htdocs\Hamm\system\CodeIgniter.php(326): CodeIgniter\CodeIgniter->handleRequest(NULL, Object(Config\Cache), false)
#4 C:\xampp\htdocs\Hamm\index.php(37): CodeIgniter\CodeIgniter->run()
#5 {main}
CRITICAL - 2022-06-12 00:13:12 --> Undefined variable: dato
#0 C:\xampp\htdocs\Hamm\app\Views\back\consulta\ver_consulta.php(50): CodeIgniter\Debug\Exceptions->errorHandler(8, 'Undefined varia...', 'C:\\xampp\\htdocs...', 50, Array)
#1 C:\xampp\htdocs\Hamm\system\View\View.php(210): include('C:\\xampp\\htdocs...')
#2 C:\xampp\htdocs\Hamm\system\View\View.php(213): CodeIgniter\View\View->CodeIgniter\View\{closure}()
#3 C:\xampp\htdocs\Hamm\system\Common.php(1089): CodeIgniter\View\View->render('back/consulta/v...', Array, true)
#4 C:\xampp\htdocs\Hamm\app\Controllers\Consulta_controller.php(46): view('back/consulta/v...', Array)
#5 C:\xampp\htdocs\Hamm\system\CodeIgniter.php(832): App\Controllers\Consulta_controller->ver_consulta()
#6 C:\xampp\htdocs\Hamm\system\CodeIgniter.php(419): CodeIgniter\CodeIgniter->runController(Object(App\Controllers\Consulta_controller))
#7 C:\xampp\htdocs\Hamm\system\CodeIgniter.php(326): CodeIgniter\CodeIgniter->handleRequest(NULL, Object(Config\Cache), false)
#8 C:\xampp\htdocs\Hamm\index.php(37): CodeIgniter\CodeIgniter->run()
#9 {main}
CRITICAL - 2022-06-12 00:13:31 --> Undefined variable: dato
#0 C:\xampp\htdocs\Hamm\app\Views\back\consulta\ver_consulta.php(50): CodeIgniter\Debug\Exceptions->errorHandler(8, 'Undefined varia...', 'C:\\xampp\\htdocs...', 50, Array)
#1 C:\xampp\htdocs\Hamm\system\View\View.php(210): include('C:\\xampp\\htdocs...')
#2 C:\xampp\htdocs\Hamm\system\View\View.php(213): CodeIgniter\View\View->CodeIgniter\View\{closure}()
#3 C:\xampp\htdocs\Hamm\system\Common.php(1089): CodeIgniter\View\View->render('back/consulta/v...', Array, true)
#4 C:\xampp\htdocs\Hamm\app\Controllers\Consulta_controller.php(46): view('back/consulta/v...', Array)
#5 C:\xampp\htdocs\Hamm\system\CodeIgniter.php(832): App\Controllers\Consulta_controller->ver_consulta()
#6 C:\xampp\htdocs\Hamm\system\CodeIgniter.php(419): CodeIgniter\CodeIgniter->runController(Object(App\Controllers\Consulta_controller))
#7 C:\xampp\htdocs\Hamm\system\CodeIgniter.php(326): CodeIgniter\CodeIgniter->handleRequest(NULL, Object(Config\Cache), false)
#8 C:\xampp\htdocs\Hamm\index.php(37): CodeIgniter\CodeIgniter->run()
#9 {main}
CRITICAL - 2022-06-12 00:14:04 --> Trying to access array offset on value of type null
#0 C:\xampp\htdocs\Hamm\app\Views\back\consulta\ver_consulta.php(50): CodeIgniter\Debug\Exceptions->errorHandler(8, 'Trying to acces...', 'C:\\xampp\\htdocs...', 50, Array)
#1 C:\xampp\htdocs\Hamm\system\View\View.php(210): include('C:\\xampp\\htdocs...')
#2 C:\xampp\htdocs\Hamm\system\View\View.php(213): CodeIgniter\View\View->CodeIgniter\View\{closure}()
#3 C:\xampp\htdocs\Hamm\system\Common.php(1089): CodeIgniter\View\View->render('back/consulta/v...', Array, true)
#4 C:\xampp\htdocs\Hamm\app\Controllers\Consulta_controller.php(46): view('back/consulta/v...', Array)
#5 C:\xampp\htdocs\Hamm\system\CodeIgniter.php(832): App\Controllers\Consulta_controller->ver_consulta()
#6 C:\xampp\htdocs\Hamm\system\CodeIgniter.php(419): CodeIgniter\CodeIgniter->runController(Object(App\Controllers\Consulta_controller))
#7 C:\xampp\htdocs\Hamm\system\CodeIgniter.php(326): CodeIgniter\CodeIgniter->handleRequest(NULL, Object(Config\Cache), false)
#8 C:\xampp\htdocs\Hamm\index.php(37): CodeIgniter\CodeIgniter->run()
#9 {main}
CRITICAL - 2022-06-12 00:15:04 --> Trying to access array offset on value of type null
#0 C:\xampp\htdocs\Hamm\app\Views\back\consulta\ver_consulta.php(50): CodeIgniter\Debug\Exceptions->errorHandler(8, 'Trying to acces...', 'C:\\xampp\\htdocs...', 50, Array)
#1 C:\xampp\htdocs\Hamm\system\View\View.php(210): include('C:\\xampp\\htdocs...')
#2 C:\xampp\htdocs\Hamm\system\View\View.php(213): CodeIgniter\View\View->CodeIgniter\View\{closure}()
#3 C:\xampp\htdocs\Hamm\system\Common.php(1089): CodeIgniter\View\View->render('back/consulta/v...', Array, true)
#4 C:\xampp\htdocs\Hamm\app\Controllers\Consulta_controller.php(47): view('back/consulta/v...', Array)
#5 C:\xampp\htdocs\Hamm\system\CodeIgniter.php(832): App\Controllers\Consulta_controller->ver_consulta()
#6 C:\xampp\htdocs\Hamm\system\CodeIgniter.php(419): CodeIgniter\CodeIgniter->runController(Object(App\Controllers\Consulta_controller))
#7 C:\xampp\htdocs\Hamm\system\CodeIgniter.php(326): CodeIgniter\CodeIgniter->handleRequest(NULL, Object(Config\Cache), false)
#8 C:\xampp\htdocs\Hamm\index.php(37): CodeIgniter\CodeIgniter->run()
#9 {main}
ERROR - 2022-06-12 00:19:29 --> Unknown column 'consultas.deleted_at' in 'where clause'
CRITICAL - 2022-06-12 00:19:29 --> Unknown column 'consultas.deleted_at' in 'where clause'
#0 C:\xampp\htdocs\Hamm\system\Database\MySQLi\Connection.php(292): mysqli->query('SELECT *\nFROM `...', 0)
#1 C:\xampp\htdocs\Hamm\system\Database\BaseConnection.php(670): CodeIgniter\Database\MySQLi\Connection->execute('SELECT *\nFROM `...')
#2 C:\xampp\htdocs\Hamm\system\Database\BaseConnection.php(598): CodeIgniter\Database\BaseConnection->simpleQuery('SELECT *\nFROM `...')
#3 C:\xampp\htdocs\Hamm\system\Database\BaseBuilder.php(1455): CodeIgniter\Database\BaseConnection->query('SELECT *\nFROM `...', Array, false)
#4 C:\xampp\htdocs\Hamm\system\Model.php(183): CodeIgniter\Database\BaseBuilder->get()
#5 C:\xampp\htdocs\Hamm\system\BaseModel.php(584): CodeIgniter\Model->doFindAll(0, 0)
#6 C:\xampp\htdocs\Hamm\app\Controllers\Consulta_controller.php(46): CodeIgniter\BaseModel->findAll()
#7 C:\xampp\htdocs\Hamm\system\CodeIgniter.php(832): App\Controllers\Consulta_controller->ver_consulta()
#8 C:\xampp\htdocs\Hamm\system\CodeIgniter.php(419): CodeIgniter\CodeIgniter->runController(Object(App\Controllers\Consulta_controller))
#9 C:\xampp\htdocs\Hamm\system\CodeIgniter.php(326): CodeIgniter\CodeIgniter->handleRequest(NULL, Object(Config\Cache), false)
#10 C:\xampp\htdocs\Hamm\index.php(37): CodeIgniter\CodeIgniter->run()
#11 {main}
ERROR - 2022-06-12 00:19:56 --> Unknown column 'consultas.deleted_at' in 'where clause'
CRITICAL - 2022-06-12 00:19:56 --> Unknown column 'consultas.deleted_at' in 'where clause'
#0 C:\xampp\htdocs\Hamm\system\Database\MySQLi\Connection.php(292): mysqli->query('SELECT *\nFROM `...', 0)
#1 C:\xampp\htdocs\Hamm\system\Database\BaseConnection.php(670): CodeIgniter\Database\MySQLi\Connection->execute('SELECT *\nFROM `...')
#2 C:\xampp\htdocs\Hamm\system\Database\BaseConnection.php(598): CodeIgniter\Database\BaseConnection->simpleQuery('SELECT *\nFROM `...')
#3 C:\xampp\htdocs\Hamm\system\Database\BaseBuilder.php(1455): CodeIgniter\Database\BaseConnection->query('SELECT *\nFROM `...', Array, false)
#4 C:\xampp\htdocs\Hamm\system\Model.php(183): CodeIgniter\Database\BaseBuilder->get()
#5 C:\xampp\htdocs\Hamm\system\BaseModel.php(584): CodeIgniter\Model->doFindAll(0, 0)
#6 C:\xampp\htdocs\Hamm\app\Controllers\Consulta_controller.php(46): CodeIgniter\BaseModel->findAll()
#7 C:\xampp\htdocs\Hamm\system\CodeIgniter.php(832): App\Controllers\Consulta_controller->ver_consulta()
#8 C:\xampp\htdocs\Hamm\system\CodeIgniter.php(419): CodeIgniter\CodeIgniter->runController(Object(App\Controllers\Consulta_controller))
#9 C:\xampp\htdocs\Hamm\system\CodeIgniter.php(326): CodeIgniter\CodeIgniter->handleRequest(NULL, Object(Config\Cache), false)
#10 C:\xampp\htdocs\Hamm\index.php(37): CodeIgniter\CodeIgniter->run()
#11 {main}
ERROR - 2022-06-12 00:20:33 --> Unknown column 'id_producto' in 'order clause'
CRITICAL - 2022-06-12 00:20:33 --> Unknown column 'id_producto' in 'order clause'
#0 C:\xampp\htdocs\Hamm\system\Database\MySQLi\Connection.php(292): mysqli->query('SELECT *\nFROM `...', 0)
#1 C:\xampp\htdocs\Hamm\system\Database\BaseConnection.php(670): CodeIgniter\Database\MySQLi\Connection->execute('SELECT *\nFROM `...')
#2 C:\xampp\htdocs\Hamm\system\Database\BaseConnection.php(598): CodeIgniter\Database\BaseConnection->simpleQuery('SELECT *\nFROM `...')
#3 C:\xampp\htdocs\Hamm\system\Database\BaseBuilder.php(1455): CodeIgniter\Database\BaseConnection->query('SELECT *\nFROM `...', Array, false)
#4 C:\xampp\htdocs\Hamm\system\Model.php(183): CodeIgniter\Database\BaseBuilder->get()
#5 C:\xampp\htdocs\Hamm\system\BaseModel.php(584): CodeIgniter\Model->doFindAll(0, 0)
#6 C:\xampp\htdocs\Hamm\app\Controllers\Consulta_controller.php(46): CodeIgniter\BaseModel->findAll()
#7 C:\xampp\htdocs\Hamm\system\CodeIgniter.php(832): App\Controllers\Consulta_controller->ver_consulta()
#8 C:\xampp\htdocs\Hamm\system\CodeIgniter.php(419): CodeIgniter\CodeIgniter->runController(Object(App\Controllers\Consulta_controller))
#9 C:\xampp\htdocs\Hamm\system\CodeIgniter.php(326): CodeIgniter\CodeIgniter->handleRequest(NULL, Object(Config\Cache), false)
#10 C:\xampp\htdocs\Hamm\index.php(37): CodeIgniter\CodeIgniter->run()
#11 {main}
ERROR - 2022-06-12 00:20:36 --> Unknown column 'id_producto' in 'order clause'
CRITICAL - 2022-06-12 00:20:36 --> Unknown column 'id_producto' in 'order clause'
#0 C:\xampp\htdocs\Hamm\system\Database\MySQLi\Connection.php(292): mysqli->query('SELECT *\nFROM `...', 0)
#1 C:\xampp\htdocs\Hamm\system\Database\BaseConnection.php(670): CodeIgniter\Database\MySQLi\Connection->execute('SELECT *\nFROM `...')
#2 C:\xampp\htdocs\Hamm\system\Database\BaseConnection.php(598): CodeIgniter\Database\BaseConnection->simpleQuery('SELECT *\nFROM `...')
#3 C:\xampp\htdocs\Hamm\system\Database\BaseBuilder.php(1455): CodeIgniter\Database\BaseConnection->query('SELECT *\nFROM `...', Array, false)
#4 C:\xampp\htdocs\Hamm\system\Model.php(183): CodeIgniter\Database\BaseBuilder->get()
#5 C:\xampp\htdocs\Hamm\system\BaseModel.php(584): CodeIgniter\Model->doFindAll(0, 0)
#6 C:\xampp\htdocs\Hamm\app\Controllers\Consulta_controller.php(46): CodeIgniter\BaseModel->findAll()
#7 C:\xampp\htdocs\Hamm\system\CodeIgniter.php(832): App\Controllers\Consulta_controller->ver_consulta()
#8 C:\xampp\htdocs\Hamm\system\CodeIgniter.php(419): CodeIgniter\CodeIgniter->runController(Object(App\Controllers\Consulta_controller))
#9 C:\xampp\htdocs\Hamm\system\CodeIgniter.php(326): CodeIgniter\CodeIgniter->handleRequest(NULL, Object(Config\Cache), false)
#10 C:\xampp\htdocs\Hamm\index.php(37): CodeIgniter\CodeIgniter->run()
#11 {main}
CRITICAL - 2022-06-12 00:21:10 --> Trying to access array offset on value of type null
#0 C:\xampp\htdocs\Hamm\app\Views\back\consulta\ver_consulta.php(50): CodeIgniter\Debug\Exceptions->errorHandler(8, 'Trying to acces...', 'C:\\xampp\\htdocs...', 50, Array)
#1 C:\xampp\htdocs\Hamm\system\View\View.php(210): include('C:\\xampp\\htdocs...')
#2 C:\xampp\htdocs\Hamm\system\View\View.php(213): CodeIgniter\View\View->CodeIgniter\View\{closure}()
#3 C:\xampp\htdocs\Hamm\system\Common.php(1089): CodeIgniter\View\View->render('back/consulta/v...', Array, true)
#4 C:\xampp\htdocs\Hamm\app\Controllers\Consulta_controller.php(51): view('back/consulta/v...', Array)
#5 C:\xampp\htdocs\Hamm\system\CodeIgniter.php(832): App\Controllers\Consulta_controller->ver_consulta()
#6 C:\xampp\htdocs\Hamm\system\CodeIgniter.php(419): CodeIgniter\CodeIgniter->runController(Object(App\Controllers\Consulta_controller))
#7 C:\xampp\htdocs\Hamm\system\CodeIgniter.php(326): CodeIgniter\CodeIgniter->handleRequest(NULL, Object(Config\Cache), false)
#8 C:\xampp\htdocs\Hamm\index.php(37): CodeIgniter\CodeIgniter->run()
#9 {main}
CRITICAL - 2022-06-12 00:22:03 --> Trying to access array offset on value of type null
#0 C:\xampp\htdocs\Hamm\app\Views\back\consulta\ver_consulta.php(50): CodeIgniter\Debug\Exceptions->errorHandler(8, 'Trying to acces...', 'C:\\xampp\\htdocs...', 50, Array)
#1 C:\xampp\htdocs\Hamm\system\View\View.php(210): include('C:\\xampp\\htdocs...')
#2 C:\xampp\htdocs\Hamm\system\View\View.php(213): CodeIgniter\View\View->CodeIgniter\View\{closure}()
#3 C:\xampp\htdocs\Hamm\system\Common.php(1089): CodeIgniter\View\View->render('back/consulta/v...', Array, true)
#4 C:\xampp\htdocs\Hamm\app\Controllers\Consulta_controller.php(51): view('back/consulta/v...', Array)
#5 C:\xampp\htdocs\Hamm\system\CodeIgniter.php(832): App\Controllers\Consulta_controller->ver_consulta()
#6 C:\xampp\htdocs\Hamm\system\CodeIgniter.php(419): CodeIgniter\CodeIgniter->runController(Object(App\Controllers\Consulta_controller))
#7 C:\xampp\htdocs\Hamm\system\CodeIgniter.php(326): CodeIgniter\CodeIgniter->handleRequest(NULL, Object(Config\Cache), false)
#8 C:\xampp\htdocs\Hamm\index.php(37): CodeIgniter\CodeIgniter->run()
#9 {main}
CRITICAL - 2022-06-12 00:23:00 --> Object of class App\Models\Consultas_models could not be converted to string
#0 C:\xampp\htdocs\Hamm\system\CodeIgniter.php(832): App\Controllers\Consulta_controller->ver_consulta()
#1 C:\xampp\htdocs\Hamm\system\CodeIgniter.php(419): CodeIgniter\CodeIgniter->runController(Object(App\Controllers\Consulta_controller))
#2 C:\xampp\htdocs\Hamm\system\CodeIgniter.php(326): CodeIgniter\CodeIgniter->handleRequest(NULL, Object(Config\Cache), false)
#3 C:\xampp\htdocs\Hamm\index.php(37): CodeIgniter\CodeIgniter->run()
#4 {main}
CRITICAL - 2022-06-12 00:23:23 --> Object of class App\Models\Consultas_models could not be converted to string
#0 C:\xampp\htdocs\Hamm\system\CodeIgniter.php(832): App\Controllers\Consulta_controller->ver_consulta()
#1 C:\xampp\htdocs\Hamm\system\CodeIgniter.php(419): CodeIgniter\CodeIgniter->runController(Object(App\Controllers\Consulta_controller))
#2 C:\xampp\htdocs\Hamm\system\CodeIgniter.php(326): CodeIgniter\CodeIgniter->handleRequest(NULL, Object(Config\Cache), false)
#3 C:\xampp\htdocs\Hamm\index.php(37): CodeIgniter\CodeIgniter->run()
#4 {main}
CRITICAL - 2022-06-12 00:24:32 --> Undefined index: email_consulta
#0 C:\xampp\htdocs\Hamm\app\Views\back\consulta\ver_consulta.php(52): CodeIgniter\Debug\Exceptions->errorHandler(8, 'Undefined index...', 'C:\\xampp\\htdocs...', 52, Array)
#1 C:\xampp\htdocs\Hamm\system\View\View.php(210): include('C:\\xampp\\htdocs...')
#2 C:\xampp\htdocs\Hamm\system\View\View.php(213): CodeIgniter\View\View->CodeIgniter\View\{closure}()
#3 C:\xampp\htdocs\Hamm\system\Common.php(1089): CodeIgniter\View\View->render('back/consulta/v...', Array, true)
#4 C:\xampp\htdocs\Hamm\app\Controllers\Consulta_controller.php(51): view('back/consulta/v...', Array)
#5 C:\xampp\htdocs\Hamm\system\CodeIgniter.php(832): App\Controllers\Consulta_controller->ver_consulta()
#6 C:\xampp\htdocs\Hamm\system\CodeIgniter.php(419): CodeIgniter\CodeIgniter->runController(Object(App\Controllers\Consulta_controller))
#7 C:\xampp\htdocs\Hamm\system\CodeIgniter.php(326): CodeIgniter\CodeIgniter->handleRequest(NULL, Object(Config\Cache), false)
#8 C:\xampp\htdocs\Hamm\index.php(37): CodeIgniter\CodeIgniter->run()
#9 {main}
CRITICAL - 2022-06-12 00:30:45 --> Undefined variable: db
#0 C:\xampp\htdocs\Hamm\app\Views\back\consulta\ver_consulta.php(48): CodeIgniter\Debug\Exceptions->errorHandler(8, 'Undefined varia...', 'C:\\xampp\\htdocs...', 48, Array)
#1 C:\xampp\htdocs\Hamm\system\View\View.php(210): include('C:\\xampp\\htdocs...')
#2 C:\xampp\htdocs\Hamm\system\View\View.php(213): CodeIgniter\View\View->CodeIgniter\View\{closure}()
#3 C:\xampp\htdocs\Hamm\system\Common.php(1089): CodeIgniter\View\View->render('back/consulta/v...', Array, true)
#4 C:\xampp\htdocs\Hamm\app\Controllers\Consulta_controller.php(51): view('back/consulta/v...', Array)
#5 C:\xampp\htdocs\Hamm\system\CodeIgniter.php(832): App\Controllers\Consulta_controller->ver_consulta()
#6 C:\xampp\htdocs\Hamm\system\CodeIgniter.php(419): CodeIgniter\CodeIgniter->runController(Object(App\Controllers\Consulta_controller))
#7 C:\xampp\htdocs\Hamm\system\CodeIgniter.php(326): CodeIgniter\CodeIgniter->handleRequest(NULL, Object(Config\Cache), false)
#8 C:\xampp\htdocs\Hamm\index.php(37): CodeIgniter\CodeIgniter->run()
#9 {main}
CRITICAL - 2022-06-12 00:31:33 --> Argument 1 passed to CodeIgniter\Database\BaseBuilder::get() must be of the type int or null, string given, called in C:\xampp\htdocs\Hamm\app\Views\back\consulta\ver_consulta.php on line 56
#0 C:\xampp\htdocs\Hamm\app\Views\back\consulta\ver_consulta.php(56): CodeIgniter\Database\BaseBuilder->get('email')
#1 C:\xampp\htdocs\Hamm\system\View\View.php(210): include('C:\\xampp\\htdocs...')
#2 C:\xampp\htdocs\Hamm\system\View\View.php(213): CodeIgniter\View\View->CodeIgniter\View\{closure}()
#3 C:\xampp\htdocs\Hamm\system\Common.php(1089): CodeIgniter\View\View->render('back/consulta/v...', Array, true)
#4 C:\xampp\htdocs\Hamm\app\Controllers\Consulta_controller.php(51): view('back/consulta/v...', Array)
#5 C:\xampp\htdocs\Hamm\system\CodeIgniter.php(832): App\Controllers\Consulta_controller->ver_consulta()
#6 C:\xampp\htdocs\Hamm\system\CodeIgniter.php(419): CodeIgniter\CodeIgniter->runController(Object(App\Controllers\Consulta_controller))
#7 C:\xampp\htdocs\Hamm\system\CodeIgniter.php(326): CodeIgniter\CodeIgniter->handleRequest(NULL, Object(Config\Cache), false)
#8 C:\xampp\htdocs\Hamm\index.php(37): CodeIgniter\CodeIgniter->run()
#9 {main}
CRITICAL - 2022-06-12 00:32:28 --> Argument 1 passed to CodeIgniter\Database\BaseBuilder::get() must be of the type int or null, string given, called in C:\xampp\htdocs\Hamm\app\Views\back\consulta\ver_consulta.php on line 56
#0 C:\xampp\htdocs\Hamm\app\Views\back\consulta\ver_consulta.php(56): CodeIgniter\Database\BaseBuilder->get('email')
#1 C:\xampp\htdocs\Hamm\system\View\View.php(210): include('C:\\xampp\\htdocs...')
#2 C:\xampp\htdocs\Hamm\system\View\View.php(213): CodeIgniter\View\View->CodeIgniter\View\{closure}()
#3 C:\xampp\htdocs\Hamm\system\Common.php(1089): CodeIgniter\View\View->render('back/consulta/v...', Array, true)
#4 C:\xampp\htdocs\Hamm\app\Controllers\Consulta_controller.php(51): view('back/consulta/v...', Array)
#5 C:\xampp\htdocs\Hamm\system\CodeIgniter.php(832): App\Controllers\Consulta_controller->ver_consulta()
#6 C:\xampp\htdocs\Hamm\system\CodeIgniter.php(419): CodeIgniter\CodeIgniter->runController(Object(App\Controllers\Consulta_controller))
#7 C:\xampp\htdocs\Hamm\system\CodeIgniter.php(326): CodeIgniter\CodeIgniter->handleRequest(NULL, Object(Config\Cache), false)
#8 C:\xampp\htdocs\Hamm\index.php(37): CodeIgniter\CodeIgniter->run()
#9 {main}
CRITICAL - 2022-06-12 00:35:44 --> Argument 1 passed to CodeIgniter\Database\BaseBuilder::get() must be of the type int or null, string given, called in C:\xampp\htdocs\Hamm\app\Views\back\consulta\ver_consulta.php on line 50
#0 C:\xampp\htdocs\Hamm\app\Views\back\consulta\ver_consulta.php(50): CodeIgniter\Database\BaseBuilder->get('nombre')
#1 C:\xampp\htdocs\Hamm\system\View\View.php(210): include('C:\\xampp\\htdocs...')
#2 C:\xampp\htdocs\Hamm\system\View\View.php(213): CodeIgniter\View\View->CodeIgniter\View\{closure}()
#3 C:\xampp\htdocs\Hamm\system\Common.php(1089): CodeIgniter\View\View->render('back/consulta/v...', Array, true)
#4 C:\xampp\htdocs\Hamm\app\Controllers\Consulta_controller.php(51): view('back/consulta/v...', Array)
#5 C:\xampp\htdocs\Hamm\system\CodeIgniter.php(832): App\Controllers\Consulta_controller->ver_consulta()
#6 C:\xampp\htdocs\Hamm\system\CodeIgniter.php(419): CodeIgniter\CodeIgniter->runController(Object(App\Controllers\Consulta_controller))
#7 C:\xampp\htdocs\Hamm\system\CodeIgniter.php(326): CodeIgniter\CodeIgniter->handleRequest(NULL, Object(Config\Cache), false)
#8 C:\xampp\htdocs\Hamm\index.php(37): CodeIgniter\CodeIgniter->run()
#9 {main}
CRITICAL - 2022-06-12 00:35:46 --> Argument 1 passed to CodeIgniter\Database\BaseBuilder::get() must be of the type int or null, string given, called in C:\xampp\htdocs\Hamm\app\Views\back\consulta\ver_consulta.php on line 50
#0 C:\xampp\htdocs\Hamm\app\Views\back\consulta\ver_consulta.php(50): CodeIgniter\Database\BaseBuilder->get('nombre')
#1 C:\xampp\htdocs\Hamm\system\View\View.php(210): include('C:\\xampp\\htdocs...')
#2 C:\xampp\htdocs\Hamm\system\View\View.php(213): CodeIgniter\View\View->CodeIgniter\View\{closure}()
#3 C:\xampp\htdocs\Hamm\system\Common.php(1089): CodeIgniter\View\View->render('back/consulta/v...', Array, true)
#4 C:\xampp\htdocs\Hamm\app\Controllers\Consulta_controller.php(51): view('back/consulta/v...', Array)
#5 C:\xampp\htdocs\Hamm\system\CodeIgniter.php(832): App\Controllers\Consulta_controller->ver_consulta()
#6 C:\xampp\htdocs\Hamm\system\CodeIgniter.php(419): CodeIgniter\CodeIgniter->runController(Object(App\Controllers\Consulta_controller))
#7 C:\xampp\htdocs\Hamm\system\CodeIgniter.php(326): CodeIgniter\CodeIgniter->handleRequest(NULL, Object(Config\Cache), false)
#8 C:\xampp\htdocs\Hamm\index.php(37): CodeIgniter\CodeIgniter->run()
#9 {main}
CRITICAL - 2022-06-12 00:37:48 --> Undefined variable: session
#0 C:\xampp\htdocs\Hamm\app\Views\back\consulta\ver_consulta.php(54): CodeIgniter\Debug\Exceptions->errorHandler(8, 'Undefined varia...', 'C:\\xampp\\htdocs...', 54, Array)
#1 C:\xampp\htdocs\Hamm\system\View\View.php(210): include('C:\\xampp\\htdocs...')
#2 C:\xampp\htdocs\Hamm\system\View\View.php(213): CodeIgniter\View\View->CodeIgniter\View\{closure}()
#3 C:\xampp\htdocs\Hamm\system\Common.php(1089): CodeIgniter\View\View->render('back/consulta/v...', Array, true)
#4 C:\xampp\htdocs\Hamm\app\Controllers\Consulta_controller.php(51): view('back/consulta/v...', Array)
#5 C:\xampp\htdocs\Hamm\system\CodeIgniter.php(832): App\Controllers\Consulta_controller->ver_consulta()
#6 C:\xampp\htdocs\Hamm\system\CodeIgniter.php(419): CodeIgniter\CodeIgniter->runController(Object(App\Controllers\Consulta_controller))
#7 C:\xampp\htdocs\Hamm\system\CodeIgniter.php(326): CodeIgniter\CodeIgniter->handleRequest(NULL, Object(Config\Cache), false)
#8 C:\xampp\htdocs\Hamm\index.php(37): CodeIgniter\CodeIgniter->run()
#9 {main}
CRITICAL - 2022-06-12 00:38:16 --> Undefined variable: session
#0 C:\xampp\htdocs\Hamm\app\Views\back\consulta\ver_consulta.php(54): CodeIgniter\Debug\Exceptions->errorHandler(8, 'Undefined varia...', 'C:\\xampp\\htdocs...', 54, Array)
#1 C:\xampp\htdocs\Hamm\system\View\View.php(210): include('C:\\xampp\\htdocs...')
#2 C:\xampp\htdocs\Hamm\system\View\View.php(213): CodeIgniter\View\View->CodeIgniter\View\{closure}()
#3 C:\xampp\htdocs\Hamm\system\Common.php(1089): CodeIgniter\View\View->render('back/consulta/v...', Array, true)
#4 C:\xampp\htdocs\Hamm\app\Controllers\Consulta_controller.php(51): view('back/consulta/v...', Array)
#5 C:\xampp\htdocs\Hamm\system\CodeIgniter.php(832): App\Controllers\Consulta_controller->ver_consulta()
#6 C:\xampp\htdocs\Hamm\system\CodeIgniter.php(419): CodeIgniter\CodeIgniter->runController(Object(App\Controllers\Consulta_controller))
#7 C:\xampp\htdocs\Hamm\system\CodeIgniter.php(326): CodeIgniter\CodeIgniter->handleRequest(NULL, Object(Config\Cache), false)
#8 C:\xampp\htdocs\Hamm\index.php(37): CodeIgniter\CodeIgniter->run()
#9 {main}
CRITICAL - 2022-06-12 00:39:14 --> Undefined variable: dato
#0 C:\xampp\htdocs\Hamm\app\Views\back\consulta\ver_consulta.php(62): CodeIgniter\Debug\Exceptions->errorHandler(8, 'Undefined varia...', 'C:\\xampp\\htdocs...', 62, Array)
#1 C:\xampp\htdocs\Hamm\system\View\View.php(210): include('C:\\xampp\\htdocs...')
#2 C:\xampp\htdocs\Hamm\system\View\View.php(213): CodeIgniter\View\View->CodeIgniter\View\{closure}()
#3 C:\xampp\htdocs\Hamm\system\Common.php(1089): CodeIgniter\View\View->render('back/consulta/v...', Array, true)
#4 C:\xampp\htdocs\Hamm\app\Controllers\Consulta_controller.php(51): view('back/consulta/v...', Array)
#5 C:\xampp\htdocs\Hamm\system\CodeIgniter.php(832): App\Controllers\Consulta_controller->ver_consulta()
#6 C:\xampp\htdocs\Hamm\system\CodeIgniter.php(419): CodeIgniter\CodeIgniter->runController(Object(App\Controllers\Consulta_controller))
#7 C:\xampp\htdocs\Hamm\system\CodeIgniter.php(326): CodeIgniter\CodeIgniter->handleRequest(NULL, Object(Config\Cache), false)
#8 C:\xampp\htdocs\Hamm\index.php(37): CodeIgniter\CodeIgniter->run()
#9 {main}
CRITICAL - 2022-06-12 00:39:16 --> Undefined variable: dato
#0 C:\xampp\htdocs\Hamm\app\Views\back\consulta\ver_consulta.php(62): CodeIgniter\Debug\Exceptions->errorHandler(8, 'Undefined varia...', 'C:\\xampp\\htdocs...', 62, Array)
#1 C:\xampp\htdocs\Hamm\system\View\View.php(210): include('C:\\xampp\\htdocs...')
#2 C:\xampp\htdocs\Hamm\system\View\View.php(213): CodeIgniter\View\View->CodeIgniter\View\{closure}()
#3 C:\xampp\htdocs\Hamm\system\Common.php(1089): CodeIgniter\View\View->render('back/consulta/v...', Array, true)
#4 C:\xampp\htdocs\Hamm\app\Controllers\Consulta_controller.php(51): view('back/consulta/v...', Array)
#5 C:\xampp\htdocs\Hamm\system\CodeIgniter.php(832): App\Controllers\Consulta_controller->ver_consulta()
#6 C:\xampp\htdocs\Hamm\system\CodeIgniter.php(419): CodeIgniter\CodeIgniter->runController(Object(App\Controllers\Consulta_controller))
#7 C:\xampp\htdocs\Hamm\system\CodeIgniter.php(326): CodeIgniter\CodeIgniter->handleRequest(NULL, Object(Config\Cache), false)
#8 C:\xampp\htdocs\Hamm\index.php(37): CodeIgniter\CodeIgniter->run()
#9 {main}
CRITICAL - 2022-06-12 00:40:10 --> Invalid file: front/footer_adm.php
#0 C:\xampp\htdocs\Hamm\system\View\View.php(198): CodeIgniter\Exceptions\FrameworkException::forInvalidFile('front/footer_ad...')
#1 C:\xampp\htdocs\Hamm\system\Common.php(1089): CodeIgniter\View\View->render('front/footer_ad...', Array, true)
#2 C:\xampp\htdocs\Hamm\app\Controllers\Consulta_controller.php(52): view('front/footer_ad...')
#3 C:\xampp\htdocs\Hamm\system\CodeIgniter.php(832): App\Controllers\Consulta_controller->ver_consulta()
#4 C:\xampp\htdocs\Hamm\system\CodeIgniter.php(419): CodeIgniter\CodeIgniter->runController(Object(App\Controllers\Consulta_controller))
#5 C:\xampp\htdocs\Hamm\system\CodeIgniter.php(326): CodeIgniter\CodeIgniter->handleRequest(NULL, Object(Config\Cache), false)
#6 C:\xampp\htdocs\Hamm\index.php(37): CodeIgniter\CodeIgniter->run()
#7 {main}
CRITICAL - 2022-06-12 01:12:07 --> Invalid file: front/consultas.php
#0 C:\xampp\htdocs\Hamm\system\View\View.php(198): CodeIgniter\Exceptions\FrameworkException::forInvalidFile('front/consultas...')
#1 C:\xampp\htdocs\Hamm\system\Common.php(1089): CodeIgniter\View\View->render('front/consultas', Array, true)
#2 C:\xampp\htdocs\Hamm\app\Controllers\Usuario_controller.php(127): view('front/consultas')
#3 C:\xampp\htdocs\Hamm\system\CodeIgniter.php(832): App\Controllers\Usuario_controller->dashboard()
#4 C:\xampp\htdocs\Hamm\system\CodeIgniter.php(419): CodeIgniter\CodeIgniter->runController(Object(App\Controllers\Usuario_controller))
#5 C:\xampp\htdocs\Hamm\system\CodeIgniter.php(326): CodeIgniter\CodeIgniter->handleRequest(NULL, Object(Config\Cache), false)
#6 C:\xampp\htdocs\Hamm\index.php(37): CodeIgniter\CodeIgniter->run()
#7 {main}
CRITICAL - 2022-06-12 01:13:28 --> Undefined variable: consultas
#0 C:\xampp\htdocs\Hamm\app\Views\back\consulta\ver_consulta.php(48): CodeIgniter\Debug\Exceptions->errorHandler(8, 'Undefined varia...', 'C:\\xampp\\htdocs...', 48, Array)
#1 C:\xampp\htdocs\Hamm\system\View\View.php(210): include('C:\\xampp\\htdocs...')
#2 C:\xampp\htdocs\Hamm\system\View\View.php(213): CodeIgniter\View\View->CodeIgniter\View\{closure}()
#3 C:\xampp\htdocs\Hamm\system\Common.php(1089): CodeIgniter\View\View->render('back/consulta/v...', Array, true)
#4 C:\xampp\htdocs\Hamm\app\Controllers\Usuario_controller.php(127): view('back/consulta/v...')
#5 C:\xampp\htdocs\Hamm\system\CodeIgniter.php(832): App\Controllers\Usuario_controller->dashboard()
#6 C:\xampp\htdocs\Hamm\system\CodeIgniter.php(419): CodeIgniter\CodeIgniter->runController(Object(App\Controllers\Usuario_controller))
#7 C:\xampp\htdocs\Hamm\system\CodeIgniter.php(326): CodeIgniter\CodeIgniter->handleRequest(NULL, Object(Config\Cache), false)
#8 C:\xampp\htdocs\Hamm\index.php(37): CodeIgniter\CodeIgniter->run()
#9 {main}
CRITICAL - 2022-06-12 01:17:08 --> Invalid file: front/footer_adm.php
#0 C:\xampp\htdocs\Hamm\system\View\View.php(198): CodeIgniter\Exceptions\FrameworkException::forInvalidFile('front/footer_ad...')
#1 C:\xampp\htdocs\Hamm\system\Common.php(1089): CodeIgniter\View\View->render('front/footer_ad...', Array, true)
#2 C:\xampp\htdocs\Hamm\app\Controllers\Producto_controller.php(27): view('front/footer_ad...')
#3 C:\xampp\htdocs\Hamm\system\CodeIgniter.php(832): App\Controllers\Producto_controller->panel_productos()
#4 C:\xampp\htdocs\Hamm\system\CodeIgniter.php(419): CodeIgniter\CodeIgniter->runController(Object(App\Controllers\Producto_controller))
#5 C:\xampp\htdocs\Hamm\system\CodeIgniter.php(326): CodeIgniter\CodeIgniter->handleRequest(NULL, Object(Config\Cache), false)
#6 C:\xampp\htdocs\Hamm\index.php(37): CodeIgniter\CodeIgniter->run()
#7 {main}
CRITICAL - 2022-06-12 02:03:07 --> Array to string conversion
#0 C:\xampp\htdocs\Hamm\system\Model.php(179): CodeIgniter\Debug\Exceptions->errorHandler(8, 'Array to string...', 'C:\\xampp\\htdocs...', 179, Array)
#1 C:\xampp\htdocs\Hamm\system\BaseModel.php(584): CodeIgniter\Model->doFindAll(0, 0)
#2 C:\xampp\htdocs\Hamm\app\Controllers\Usuario_controller.php(129): CodeIgniter\BaseModel->findAll()
#3 C:\xampp\htdocs\Hamm\system\CodeIgniter.php(832): App\Controllers\Usuario_controller->dashboard()
#4 C:\xampp\htdocs\Hamm\system\CodeIgniter.php(419): CodeIgniter\CodeIgniter->runController(Object(App\Controllers\Usuario_controller))
#5 C:\xampp\htdocs\Hamm\system\CodeIgniter.php(326): CodeIgniter\CodeIgniter->handleRequest(NULL, Object(Config\Cache), false)
#6 C:\xampp\htdocs\Hamm\index.php(37): CodeIgniter\CodeIgniter->run()
#7 {main}
CRITICAL - 2022-06-12 02:11:51 --> Invalid file: front/head1.php
#0 C:\xampp\htdocs\Hamm\system\View\View.php(198): CodeIgniter\Exceptions\FrameworkException::forInvalidFile('front/head1.php')
#1 C:\xampp\htdocs\Hamm\system\Common.php(1089): CodeIgniter\View\View->render('front/head1', Array, true)
#2 C:\xampp\htdocs\Hamm\app\Controllers\Consulta_controller.php(49): view('front/head1', Array)
#3 C:\xampp\htdocs\Hamm\system\CodeIgniter.php(832): App\Controllers\Consulta_controller->ver_consulta()
#4 C:\xampp\htdocs\Hamm\system\CodeIgniter.php(419): CodeIgniter\CodeIgniter->runController(Object(App\Controllers\Consulta_controller))
#5 C:\xampp\htdocs\Hamm\system\CodeIgniter.php(326): CodeIgniter\CodeIgniter->handleRequest(NULL, Object(Config\Cache), false)
#6 C:\xampp\htdocs\Hamm\index.php(37): CodeIgniter\CodeIgniter->run()
#7 {main}
CRITICAL - 2022-06-12 02:44:05 --> Undefined index: categoria_producto
#0 C:\xampp\htdocs\Hamm\app\Views\back\producto\editar_producto.php(11): CodeIgniter\Debug\Exceptions->errorHandler(8, 'Undefined index...', 'C:\\xampp\\htdocs...', 11, Array)
#1 C:\xampp\htdocs\Hamm\system\View\View.php(210): include('C:\\xampp\\htdocs...')
#2 C:\xampp\htdocs\Hamm\system\View\View.php(213): CodeIgniter\View\View->CodeIgniter\View\{closure}()
#3 C:\xampp\htdocs\Hamm\system\Common.php(1089): CodeIgniter\View\View->render('back/producto/e...', Array, true)
#4 C:\xampp\htdocs\Hamm\app\Controllers\Producto_controller.php(138): view('back/producto/e...', Array)
#5 C:\xampp\htdocs\Hamm\system\CodeIgniter.php(832): App\Controllers\Producto_controller->editar_producto()
#6 C:\xampp\htdocs\Hamm\system\CodeIgniter.php(419): CodeIgniter\CodeIgniter->runController(Object(App\Controllers\Producto_controller))
#7 C:\xampp\htdocs\Hamm\system\CodeIgniter.php(326): CodeIgniter\CodeIgniter->handleRequest(NULL, Object(Config\Cache), false)
#8 C:\xampp\htdocs\Hamm\index.php(37): CodeIgniter\CodeIgniter->run()
#9 {main}
ERROR - 2022-06-12 02:54:30 --> Cannot add or update a child row: a foreign key constraint fails (`hamm`.`consultas`, CONSTRAINT `consultas_ibfk_1` FOREIGN KEY (`usuario_id`) REFERENCES `usuarios` (`id`) ON UPDATE CASCADE)
CRITICAL - 2022-06-12 02:54:30 --> Cannot add or update a child row: a foreign key constraint fails (`hamm`.`consultas`, CONSTRAINT `consultas_ibfk_1` FOREIGN KEY (`usuario_id`) REFERENCES `usuarios` (`id`) ON UPDATE CASCADE)
#0 C:\xampp\htdocs\Hamm\system\Database\MySQLi\Connection.php(292): mysqli->query('INSERT INTO `co...', 0)
#1 C:\xampp\htdocs\Hamm\system\Database\BaseConnection.php(670): CodeIgniter\Database\MySQLi\Connection->execute('INSERT INTO `co...')
#2 C:\xampp\htdocs\Hamm\system\Database\BaseConnection.php(598): CodeIgniter\Database\BaseConnection->simpleQuery('INSERT INTO `co...')
#3 C:\xampp\htdocs\Hamm\system\Database\BaseBuilder.php(1771): CodeIgniter\Database\BaseConnection->query('INSERT INTO `co...', Array, false)
#4 C:\xampp\htdocs\Hamm\system\Model.php(239): CodeIgniter\Database\BaseBuilder->insert()
#5 C:\xampp\htdocs\Hamm\system\BaseModel.php(738): CodeIgniter\Model->doInsert(Array)
#6 C:\xampp\htdocs\Hamm\system\Model.php(625): CodeIgniter\BaseModel->insert(Array, false)
#7 C:\xampp\htdocs\Hamm\system\BaseModel.php(658): CodeIgniter\Model->insert(Array, false)
#8 C:\xampp\htdocs\Hamm\app\Controllers\Consulta_controller.php(65): CodeIgniter\BaseModel->save(Array)
#9 C:\xampp\htdocs\Hamm\system\CodeIgniter.php(832): App\Controllers\Consulta_controller->contestar_consulta()
#10 C:\xampp\htdocs\Hamm\system\CodeIgniter.php(419): CodeIgniter\CodeIgniter->runController(Object(App\Controllers\Consulta_controller))
#11 C:\xampp\htdocs\Hamm\system\CodeIgniter.php(326): CodeIgniter\CodeIgniter->handleRequest(NULL, Object(Config\Cache), false)
#12 C:\xampp\htdocs\Hamm\index.php(37): CodeIgniter\CodeIgniter->run()
#13 {main}
ERROR - 2022-06-12 03:16:33 --> Column 'usuario_id' cannot be null
CRITICAL - 2022-06-12 03:16:33 --> Column 'usuario_id' cannot be null
#0 C:\xampp\htdocs\Hamm\system\Database\MySQLi\Connection.php(292): mysqli->query('INSERT INTO `co...', 0)
#1 C:\xampp\htdocs\Hamm\system\Database\BaseConnection.php(670): CodeIgniter\Database\MySQLi\Connection->execute('INSERT INTO `co...')
#2 C:\xampp\htdocs\Hamm\system\Database\BaseConnection.php(598): CodeIgniter\Database\BaseConnection->simpleQuery('INSERT INTO `co...')
#3 C:\xampp\htdocs\Hamm\system\Database\BaseBuilder.php(1771): CodeIgniter\Database\BaseConnection->query('INSERT INTO `co...', Array, false)
#4 C:\xampp\htdocs\Hamm\app\Controllers\Consulta_controller.php(71): CodeIgniter\Database\BaseBuilder->insert(Array)
#5 C:\xampp\htdocs\Hamm\system\CodeIgniter.php(832): App\Controllers\Consulta_controller->contestar_consulta()
#6 C:\xampp\htdocs\Hamm\system\CodeIgniter.php(419): CodeIgniter\CodeIgniter->runController(Object(App\Controllers\Consulta_controller))
#7 C:\xampp\htdocs\Hamm\system\CodeIgniter.php(326): CodeIgniter\CodeIgniter->handleRequest(NULL, Object(Config\Cache), false)
#8 C:\xampp\htdocs\Hamm\index.php(37): CodeIgniter\CodeIgniter->run()
#9 {main}
ERROR - 2022-06-12 03:17:34 --> Column 'usuario_id' cannot be null
CRITICAL - 2022-06-12 03:17:34 --> Column 'usuario_id' cannot be null
#0 C:\xampp\htdocs\Hamm\system\Database\MySQLi\Connection.php(292): mysqli->query('INSERT INTO `co...', 0)
#1 C:\xampp\htdocs\Hamm\system\Database\BaseConnection.php(670): CodeIgniter\Database\MySQLi\Connection->execute('INSERT INTO `co...')
#2 C:\xampp\htdocs\Hamm\system\Database\BaseConnection.php(598): CodeIgniter\Database\BaseConnection->simpleQuery('INSERT INTO `co...')
#3 C:\xampp\htdocs\Hamm\system\Database\BaseBuilder.php(1771): CodeIgniter\Database\BaseConnection->query('INSERT INTO `co...', Array, false)
#4 C:\xampp\htdocs\Hamm\app\Controllers\Consulta_controller.php(72): CodeIgniter\Database\BaseBuilder->insert(Array)
#5 C:\xampp\htdocs\Hamm\system\CodeIgniter.php(832): App\Controllers\Consulta_controller->contestar_consulta()
#6 C:\xampp\htdocs\Hamm\system\CodeIgniter.php(419): CodeIgniter\CodeIgniter->runController(Object(App\Controllers\Consulta_controller))
#7 C:\xampp\htdocs\Hamm\system\CodeIgniter.php(326): CodeIgniter\CodeIgniter->handleRequest(NULL, Object(Config\Cache), false)
#8 C:\xampp\htdocs\Hamm\index.php(37): CodeIgniter\CodeIgniter->run()
#9 {main}
ERROR - 2022-06-12 03:18:36 --> Column 'nombre_consulta' cannot be null
CRITICAL - 2022-06-12 03:18:36 --> Column 'nombre_consulta' cannot be null
#0 C:\xampp\htdocs\Hamm\system\Database\MySQLi\Connection.php(292): mysqli->query('INSERT INTO `co...', 0)
#1 C:\xampp\htdocs\Hamm\system\Database\BaseConnection.php(670): CodeIgniter\Database\MySQLi\Connection->execute('INSERT INTO `co...')
#2 C:\xampp\htdocs\Hamm\system\Database\BaseConnection.php(598): CodeIgniter\Database\BaseConnection->simpleQuery('INSERT INTO `co...')
#3 C:\xampp\htdocs\Hamm\system\Database\BaseBuilder.php(1771): CodeIgniter\Database\BaseConnection->query('INSERT INTO `co...', Array, false)
#4 C:\xampp\htdocs\Hamm\app\Controllers\Consulta_controller.php(73): CodeIgniter\Database\BaseBuilder->insert(Array)
#5 C:\xampp\htdocs\Hamm\system\CodeIgniter.php(832): App\Controllers\Consulta_controller->contestar_consulta()
#6 C:\xampp\htdocs\Hamm\system\CodeIgniter.php(419): CodeIgniter\CodeIgniter->runController(Object(App\Controllers\Consulta_controller))
#7 C:\xampp\htdocs\Hamm\system\CodeIgniter.php(326): CodeIgniter\CodeIgniter->handleRequest(NULL, Object(Config\Cache), false)
#8 C:\xampp\htdocs\Hamm\index.php(37): CodeIgniter\CodeIgniter->run()
#9 {main}
CRITICAL - 2022-06-12 14:24:22 --> Invalid file: front/titulo_usuario.php
#0 C:\xampp\htdocs\Hamm\system\View\View.php(198): CodeIgniter\Exceptions\FrameworkException::forInvalidFile('front/titulo_us...')
#1 C:\xampp\htdocs\Hamm\system\Common.php(1089): CodeIgniter\View\View->render('front/titulo_us...', Array, true)
#2 C:\xampp\htdocs\Hamm\app\Controllers\Usuario_controller.php(213): view('front/titulo_us...')
#3 C:\xampp\htdocs\Hamm\system\CodeIgniter.php(832): App\Controllers\Usuario_controller->editar_user()
#4 C:\xampp\htdocs\Hamm\system\CodeIgniter.php(419): CodeIgniter\CodeIgniter->runController(Object(App\Controllers\Usuario_controller))
#5 C:\xampp\htdocs\Hamm\system\CodeIgniter.php(326): CodeIgniter\CodeIgniter->handleRequest(NULL, Object(Config\Cache), false)
#6 C:\xampp\htdocs\Hamm\index.php(37): CodeIgniter\CodeIgniter->run()
#7 {main}
CRITICAL - 2022-06-12 15:43:06 --> Undefined variable: db
#0 C:\xampp\htdocs\Hamm\app\Views\back\consulta\ver_consulta.php(50): CodeIgniter\Debug\Exceptions->errorHandler(8, 'Undefined varia...', 'C:\\xampp\\htdocs...', 50, Array)
#1 C:\xampp\htdocs\Hamm\system\View\View.php(210): include('C:\\xampp\\htdocs...')
#2 C:\xampp\htdocs\Hamm\system\View\View.php(213): CodeIgniter\View\View->CodeIgniter\View\{closure}()
#3 C:\xampp\htdocs\Hamm\system\Common.php(1089): CodeIgniter\View\View->render('back/consulta/v...', Array, true)
#4 C:\xampp\htdocs\Hamm\app\Controllers\Usuario_controller.php(130): view('back/consulta/v...', Array)
#5 C:\xampp\htdocs\Hamm\system\CodeIgniter.php(832): App\Controllers\Usuario_controller->dashboard()
#6 C:\xampp\htdocs\Hamm\system\CodeIgniter.php(419): CodeIgniter\CodeIgniter->runController(Object(App\Controllers\Usuario_controller))
#7 C:\xampp\htdocs\Hamm\system\CodeIgniter.php(326): CodeIgniter\CodeIgniter->handleRequest(NULL, Object(Config\Cache), false)
#8 C:\xampp\htdocs\Hamm\index.php(37): CodeIgniter\CodeIgniter->run()
#9 {main}
ERROR - 2022-06-12 15:56:02 --> Table 'hamm.usuario' doesn't exist
CRITICAL - 2022-06-12 15:56:02 --> Table 'hamm.usuario' doesn't exist
#0 C:\xampp\htdocs\Hamm\system\Database\MySQLi\Connection.php(292): mysqli->query('SELECT *\nFROM `...', 0)
#1 C:\xampp\htdocs\Hamm\system\Database\BaseConnection.php(670): CodeIgniter\Database\MySQLi\Connection->execute('SELECT *\nFROM `...')
#2 C:\xampp\htdocs\Hamm\system\Database\BaseConnection.php(598): CodeIgniter\Database\BaseConnection->simpleQuery('SELECT *\nFROM `...')
#3 C:\xampp\htdocs\Hamm\system\Database\BaseBuilder.php(1588): CodeIgniter\Database\BaseConnection->query('SELECT *\nFROM `...', Array, false)
#4 C:\xampp\htdocs\Hamm\app\Views\back\consulta\ver_consulta.php(52): CodeIgniter\Database\BaseBuilder->getWhere(Array)
#5 C:\xampp\htdocs\Hamm\system\View\View.php(210): include('C:\\xampp\\htdocs...')
#6 C:\xampp\htdocs\Hamm\system\View\View.php(213): CodeIgniter\View\View->CodeIgniter\View\{closure}()
#7 C:\xampp\htdocs\Hamm\system\Common.php(1089): CodeIgniter\View\View->render('back/consulta/v...', Array, true)
#8 C:\xampp\htdocs\Hamm\app\Controllers\Usuario_controller.php(130): view('back/consulta/v...', Array)
#9 C:\xampp\htdocs\Hamm\system\CodeIgniter.php(832): App\Controllers\Usuario_controller->dashboard()
#10 C:\xampp\htdocs\Hamm\system\CodeIgniter.php(419): CodeIgniter\CodeIgniter->runController(Object(App\Controllers\Usuario_controller))
#11 C:\xampp\htdocs\Hamm\system\CodeIgniter.php(326): CodeIgniter\CodeIgniter->handleRequest(NULL, Object(Config\Cache), false)
#12 C:\xampp\htdocs\Hamm\index.php(37): CodeIgniter\CodeIgniter->run()
#13 {main}
ERROR - 2022-06-12 15:56:04 --> Table 'hamm.usuario' doesn't exist
CRITICAL - 2022-06-12 15:56:04 --> Table 'hamm.usuario' doesn't exist
#0 C:\xampp\htdocs\Hamm\system\Database\MySQLi\Connection.php(292): mysqli->query('SELECT *\nFROM `...', 0)
#1 C:\xampp\htdocs\Hamm\system\Database\BaseConnection.php(670): CodeIgniter\Database\MySQLi\Connection->execute('SELECT *\nFROM `...')
#2 C:\xampp\htdocs\Hamm\system\Database\BaseConnection.php(598): CodeIgniter\Database\BaseConnection->simpleQuery('SELECT *\nFROM `...')
#3 C:\xampp\htdocs\Hamm\system\Database\BaseBuilder.php(1588): CodeIgniter\Database\BaseConnection->query('SELECT *\nFROM `...', Array, false)
#4 C:\xampp\htdocs\Hamm\app\Views\back\consulta\ver_consulta.php(52): CodeIgniter\Database\BaseBuilder->getWhere(Array)
#5 C:\xampp\htdocs\Hamm\system\View\View.php(210): include('C:\\xampp\\htdocs...')
#6 C:\xampp\htdocs\Hamm\system\View\View.php(213): CodeIgniter\View\View->CodeIgniter\View\{closure}()
#7 C:\xampp\htdocs\Hamm\system\Common.php(1089): CodeIgniter\View\View->render('back/consulta/v...', Array, true)
#8 C:\xampp\htdocs\Hamm\app\Controllers\Usuario_controller.php(130): view('back/consulta/v...', Array)
#9 C:\xampp\htdocs\Hamm\system\CodeIgniter.php(832): App\Controllers\Usuario_controller->dashboard()
#10 C:\xampp\htdocs\Hamm\system\CodeIgniter.php(419): CodeIgniter\CodeIgniter->runController(Object(App\Controllers\Usuario_controller))
#11 C:\xampp\htdocs\Hamm\system\CodeIgniter.php(326): CodeIgniter\CodeIgniter->handleRequest(NULL, Object(Config\Cache), false)
#12 C:\xampp\htdocs\Hamm\index.php(37): CodeIgniter\CodeIgniter->run()
#13 {main}
CRITICAL - 2022-06-12 15:56:16 --> Object of class CodeIgniter\Database\MySQLi\Builder could not be converted to string
#0 C:\xampp\htdocs\Hamm\system\View\View.php(210): include()
#1 C:\xampp\htdocs\Hamm\system\View\View.php(213): CodeIgniter\View\View->CodeIgniter\View\{closure}()
#2 C:\xampp\htdocs\Hamm\system\Common.php(1089): CodeIgniter\View\View->render('back/consulta/v...', Array, true)
#3 C:\xampp\htdocs\Hamm\app\Controllers\Usuario_controller.php(130): view('back/consulta/v...', Array)
#4 C:\xampp\htdocs\Hamm\system\CodeIgniter.php(832): App\Controllers\Usuario_controller->dashboard()
#5 C:\xampp\htdocs\Hamm\system\CodeIgniter.php(419): CodeIgniter\CodeIgniter->runController(Object(App\Controllers\Usuario_controller))
#6 C:\xampp\htdocs\Hamm\system\CodeIgniter.php(326): CodeIgniter\CodeIgniter->handleRequest(NULL, Object(Config\Cache), false)
#7 C:\xampp\htdocs\Hamm\index.php(37): CodeIgniter\CodeIgniter->run()
#8 {main}
CRITICAL - 2022-06-12 15:57:48 --> Argument 1 passed to CodeIgniter\Database\BaseBuilder::get() must be of the type int or null, string given, called in C:\xampp\htdocs\Hamm\app\Views\back\consulta\ver_consulta.php on line 60
#0 C:\xampp\htdocs\Hamm\app\Views\back\consulta\ver_consulta.php(60): CodeIgniter\Database\BaseBuilder->get('nombre')
#1 C:\xampp\htdocs\Hamm\system\View\View.php(210): include('C:\\xampp\\htdocs...')
#2 C:\xampp\htdocs\Hamm\system\View\View.php(213): CodeIgniter\View\View->CodeIgniter\View\{closure}()
#3 C:\xampp\htdocs\Hamm\system\Common.php(1089): CodeIgniter\View\View->render('back/consulta/v...', Array, true)
#4 C:\xampp\htdocs\Hamm\app\Controllers\Usuario_controller.php(130): view('back/consulta/v...', Array)
#5 C:\xampp\htdocs\Hamm\system\CodeIgniter.php(832): App\Controllers\Usuario_controller->dashboard()
#6 C:\xampp\htdocs\Hamm\system\CodeIgniter.php(419): CodeIgniter\CodeIgniter->runController(Object(App\Controllers\Usuario_controller))
#7 C:\xampp\htdocs\Hamm\system\CodeIgniter.php(326): CodeIgniter\CodeIgniter->handleRequest(NULL, Object(Config\Cache), false)
#8 C:\xampp\htdocs\Hamm\index.php(37): CodeIgniter\CodeIgniter->run()
#9 {main}
CRITICAL - 2022-06-12 16:04:24 --> Argument 1 passed to CodeIgniter\Database\BaseBuilder::get() must be of the type int or null, string given, called in C:\xampp\htdocs\Hamm\app\Views\back\consulta\ver_consulta.php on line 53
#0 C:\xampp\htdocs\Hamm\app\Views\back\consulta\ver_consulta.php(53): CodeIgniter\Database\BaseBuilder->get('nombre')
#1 C:\xampp\htdocs\Hamm\system\View\View.php(210): include('C:\\xampp\\htdocs...')
#2 C:\xampp\htdocs\Hamm\system\View\View.php(213): CodeIgniter\View\View->CodeIgniter\View\{closure}()
#3 C:\xampp\htdocs\Hamm\system\Common.php(1089): CodeIgniter\View\View->render('back/consulta/v...', Array, true)
#4 C:\xampp\htdocs\Hamm\app\Controllers\Usuario_controller.php(130): view('back/consulta/v...', Array)
#5 C:\xampp\htdocs\Hamm\system\CodeIgniter.php(832): App\Controllers\Usuario_controller->dashboard()
#6 C:\xampp\htdocs\Hamm\system\CodeIgniter.php(419): CodeIgniter\CodeIgniter->runController(Object(App\Controllers\Usuario_controller))
#7 C:\xampp\htdocs\Hamm\system\CodeIgniter.php(326): CodeIgniter\CodeIgniter->handleRequest(NULL, Object(Config\Cache), false)
#8 C:\xampp\htdocs\Hamm\index.php(37): CodeIgniter\CodeIgniter->run()
#9 {main}
CRITICAL - 2022-06-12 16:06:30 --> Object of class CodeIgniter\Database\MySQLi\Builder could not be converted to string
#0 C:\xampp\htdocs\Hamm\system\View\View.php(210): include()
#1 C:\xampp\htdocs\Hamm\system\View\View.php(213): CodeIgniter\View\View->CodeIgniter\View\{closure}()
#2 C:\xampp\htdocs\Hamm\system\Common.php(1089): CodeIgniter\View\View->render('back/consulta/v...', Array, true)
#3 C:\xampp\htdocs\Hamm\app\Controllers\Usuario_controller.php(130): view('back/consulta/v...', Array)
#4 C:\xampp\htdocs\Hamm\system\CodeIgniter.php(832): App\Controllers\Usuario_controller->dashboard()
#5 C:\xampp\htdocs\Hamm\system\CodeIgniter.php(419): CodeIgniter\CodeIgniter->runController(Object(App\Controllers\Usuario_controller))
#6 C:\xampp\htdocs\Hamm\system\CodeIgniter.php(326): CodeIgniter\CodeIgniter->handleRequest(NULL, Object(Config\Cache), false)
#7 C:\xampp\htdocs\Hamm\index.php(37): CodeIgniter\CodeIgniter->run()
#8 {main}
CRITICAL - 2022-06-12 17:16:16 --> syntax error, unexpected end of file
#0 C:\xampp\htdocs\Hamm\system\View\View.php(213): CodeIgniter\View\View->CodeIgniter\View\{closure}()
#1 C:\xampp\htdocs\Hamm\system\Common.php(1089): CodeIgniter\View\View->render('back/consulta/v...', Array, true)
#2 C:\xampp\htdocs\Hamm\app\Controllers\Usuario_controller.php(130): view('back/consulta/v...', Array)
#3 C:\xampp\htdocs\Hamm\system\CodeIgniter.php(832): App\Controllers\Usuario_controller->dashboard()
#4 C:\xampp\htdocs\Hamm\system\CodeIgniter.php(419): CodeIgniter\CodeIgniter->runController(Object(App\Controllers\Usuario_controller))
#5 C:\xampp\htdocs\Hamm\system\CodeIgniter.php(326): CodeIgniter\CodeIgniter->handleRequest(NULL, Object(Config\Cache), false)
#6 C:\xampp\htdocs\Hamm\index.php(37): CodeIgniter\CodeIgniter->run()
#7 {main}
CRITICAL - 2022-06-12 17:17:30 --> Argument 1 passed to CodeIgniter\Database\BaseBuilder::get() must be of the type int or null, string given, called in C:\xampp\htdocs\Hamm\app\Views\back\consulta\ver_consulta.php on line 64
#0 C:\xampp\htdocs\Hamm\app\Views\back\consulta\ver_consulta.php(64): CodeIgniter\Database\BaseBuilder->get('nombre')
#1 C:\xampp\htdocs\Hamm\system\View\View.php(210): include('C:\\xampp\\htdocs...')
#2 C:\xampp\htdocs\Hamm\system\View\View.php(213): CodeIgniter\View\View->CodeIgniter\View\{closure}()
#3 C:\xampp\htdocs\Hamm\system\Common.php(1089): CodeIgniter\View\View->render('back/consulta/v...', Array, true)
#4 C:\xampp\htdocs\Hamm\app\Controllers\Usuario_controller.php(130): view('back/consulta/v...', Array)
#5 C:\xampp\htdocs\Hamm\system\CodeIgniter.php(832): App\Controllers\Usuario_controller->dashboard()
#6 C:\xampp\htdocs\Hamm\system\CodeIgniter.php(419): CodeIgniter\CodeIgniter->runController(Object(App\Controllers\Usuario_controller))
#7 C:\xampp\htdocs\Hamm\system\CodeIgniter.php(326): CodeIgniter\CodeIgniter->handleRequest(NULL, Object(Config\Cache), false)
#8 C:\xampp\htdocs\Hamm\index.php(37): CodeIgniter\CodeIgniter->run()
#9 {main}
CRITICAL - 2022-06-12 17:17:33 --> Argument 1 passed to CodeIgniter\Database\BaseBuilder::get() must be of the type int or null, string given, called in C:\xampp\htdocs\Hamm\app\Views\back\consulta\ver_consulta.php on line 64
#0 C:\xampp\htdocs\Hamm\app\Views\back\consulta\ver_consulta.php(64): CodeIgniter\Database\BaseBuilder->get('nombre')
#1 C:\xampp\htdocs\Hamm\system\View\View.php(210): include('C:\\xampp\\htdocs...')
#2 C:\xampp\htdocs\Hamm\system\View\View.php(213): CodeIgniter\View\View->CodeIgniter\View\{closure}()
#3 C:\xampp\htdocs\Hamm\system\Common.php(1089): CodeIgniter\View\View->render('back/consulta/v...', Array, true)
#4 C:\xampp\htdocs\Hamm\app\Controllers\Usuario_controller.php(130): view('back/consulta/v...', Array)
#5 C:\xampp\htdocs\Hamm\system\CodeIgniter.php(832): App\Controllers\Usuario_controller->dashboard()
#6 C:\xampp\htdocs\Hamm\system\CodeIgniter.php(419): CodeIgniter\CodeIgniter->runController(Object(App\Controllers\Usuario_controller))
#7 C:\xampp\htdocs\Hamm\system\CodeIgniter.php(326): CodeIgniter\CodeIgniter->handleRequest(NULL, Object(Config\Cache), false)
#8 C:\xampp\htdocs\Hamm\index.php(37): CodeIgniter\CodeIgniter->run()
#9 {main}
CRITICAL - 2022-06-12 17:19:26 --> Object of class CodeIgniter\Database\MySQLi\Builder could not be converted to string
#0 C:\xampp\htdocs\Hamm\system\View\View.php(210): include()
#1 C:\xampp\htdocs\Hamm\system\View\View.php(213): CodeIgniter\View\View->CodeIgniter\View\{closure}()
#2 C:\xampp\htdocs\Hamm\system\Common.php(1089): CodeIgniter\View\View->render('back/consulta/v...', Array, true)
#3 C:\xampp\htdocs\Hamm\app\Controllers\Usuario_controller.php(130): view('back/consulta/v...', Array)
#4 C:\xampp\htdocs\Hamm\system\CodeIgniter.php(832): App\Controllers\Usuario_controller->dashboard()
#5 C:\xampp\htdocs\Hamm\system\CodeIgniter.php(419): CodeIgniter\CodeIgniter->runController(Object(App\Controllers\Usuario_controller))
#6 C:\xampp\htdocs\Hamm\system\CodeIgniter.php(326): CodeIgniter\CodeIgniter->handleRequest(NULL, Object(Config\Cache), false)
#7 C:\xampp\htdocs\Hamm\index.php(37): CodeIgniter\CodeIgniter->run()
#8 {main}
CRITICAL - 2022-06-12 17:20:25 --> Undefined index: email
#0 C:\xampp\htdocs\Hamm\app\Views\back\consulta\ver_consulta.php(66): CodeIgniter\Debug\Exceptions->errorHandler(8, 'Undefined index...', 'C:\\xampp\\htdocs...', 66, Array)
#1 C:\xampp\htdocs\Hamm\system\View\View.php(210): include('C:\\xampp\\htdocs...')
#2 C:\xampp\htdocs\Hamm\system\View\View.php(213): CodeIgniter\View\View->CodeIgniter\View\{closure}()
#3 C:\xampp\htdocs\Hamm\system\Common.php(1089): CodeIgniter\View\View->render('back/consulta/v...', Array, true)
#4 C:\xampp\htdocs\Hamm\app\Controllers\Usuario_controller.php(130): view('back/consulta/v...', Array)
#5 C:\xampp\htdocs\Hamm\system\CodeIgniter.php(832): App\Controllers\Usuario_controller->dashboard()
#6 C:\xampp\htdocs\Hamm\system\CodeIgniter.php(419): CodeIgniter\CodeIgniter->runController(Object(App\Controllers\Usuario_controller))
#7 C:\xampp\htdocs\Hamm\system\CodeIgniter.php(326): CodeIgniter\CodeIgniter->handleRequest(NULL, Object(Config\Cache), false)
#8 C:\xampp\htdocs\Hamm\index.php(37): CodeIgniter\CodeIgniter->run()
#9 {main}
CRITICAL - 2022-06-12 17:20:27 --> Undefined index: email
#0 C:\xampp\htdocs\Hamm\app\Views\back\consulta\ver_consulta.php(66): CodeIgniter\Debug\Exceptions->errorHandler(8, 'Undefined index...', 'C:\\xampp\\htdocs...', 66, Array)
#1 C:\xampp\htdocs\Hamm\system\View\View.php(210): include('C:\\xampp\\htdocs...')
#2 C:\xampp\htdocs\Hamm\system\View\View.php(213): CodeIgniter\View\View->CodeIgniter\View\{closure}()
#3 C:\xampp\htdocs\Hamm\system\Common.php(1089): CodeIgniter\View\View->render('back/consulta/v...', Array, true)
#4 C:\xampp\htdocs\Hamm\app\Controllers\Usuario_controller.php(130): view('back/consulta/v...', Array)
#5 C:\xampp\htdocs\Hamm\system\CodeIgniter.php(832): App\Controllers\Usuario_controller->dashboard()
#6 C:\xampp\htdocs\Hamm\system\CodeIgniter.php(419): CodeIgniter\CodeIgniter->runController(Object(App\Controllers\Usuario_controller))
#7 C:\xampp\htdocs\Hamm\system\CodeIgniter.php(326): CodeIgniter\CodeIgniter->handleRequest(NULL, Object(Config\Cache), false)
#8 C:\xampp\htdocs\Hamm\index.php(37): CodeIgniter\CodeIgniter->run()
#9 {main}
CRITICAL - 2022-06-12 17:20:45 --> Undefined index: email
#0 C:\xampp\htdocs\Hamm\app\Views\back\consulta\ver_consulta.php(66): CodeIgniter\Debug\Exceptions->errorHandler(8, 'Undefined index...', 'C:\\xampp\\htdocs...', 66, Array)
#1 C:\xampp\htdocs\Hamm\system\View\View.php(210): include('C:\\xampp\\htdocs...')
#2 C:\xampp\htdocs\Hamm\system\View\View.php(213): CodeIgniter\View\View->CodeIgniter\View\{closure}()
#3 C:\xampp\htdocs\Hamm\system\Common.php(1089): CodeIgniter\View\View->render('back/consulta/v...', Array, true)
#4 C:\xampp\htdocs\Hamm\app\Controllers\Usuario_controller.php(130): view('back/consulta/v...', Array)
#5 C:\xampp\htdocs\Hamm\system\CodeIgniter.php(832): App\Controllers\Usuario_controller->dashboard()
#6 C:\xampp\htdocs\Hamm\system\CodeIgniter.php(419): CodeIgniter\CodeIgniter->runController(Object(App\Controllers\Usuario_controller))
#7 C:\xampp\htdocs\Hamm\system\CodeIgniter.php(326): CodeIgniter\CodeIgniter->handleRequest(NULL, Object(Config\Cache), false)
#8 C:\xampp\htdocs\Hamm\index.php(37): CodeIgniter\CodeIgniter->run()
#9 {main}
CRITICAL - 2022-06-12 17:20:48 --> Undefined index: email
#0 C:\xampp\htdocs\Hamm\app\Views\back\consulta\ver_consulta.php(66): CodeIgniter\Debug\Exceptions->errorHandler(8, 'Undefined index...', 'C:\\xampp\\htdocs...', 66, Array)
#1 C:\xampp\htdocs\Hamm\system\View\View.php(210): include('C:\\xampp\\htdocs...')
#2 C:\xampp\htdocs\Hamm\system\View\View.php(213): CodeIgniter\View\View->CodeIgniter\View\{closure}()
#3 C:\xampp\htdocs\Hamm\system\Common.php(1089): CodeIgniter\View\View->render('back/consulta/v...', Array, true)
#4 C:\xampp\htdocs\Hamm\app\Controllers\Usuario_controller.php(130): view('back/consulta/v...', Array)
#5 C:\xampp\htdocs\Hamm\system\CodeIgniter.php(832): App\Controllers\Usuario_controller->dashboard()
#6 C:\xampp\htdocs\Hamm\system\CodeIgniter.php(419): CodeIgniter\CodeIgniter->runController(Object(App\Controllers\Usuario_controller))
#7 C:\xampp\htdocs\Hamm\system\CodeIgniter.php(326): CodeIgniter\CodeIgniter->handleRequest(NULL, Object(Config\Cache), false)
#8 C:\xampp\htdocs\Hamm\index.php(37): CodeIgniter\CodeIgniter->run()
#9 {main}
CRITICAL - 2022-06-12 17:24:52 --> Undefined index: email
#0 C:\xampp\htdocs\Hamm\app\Views\back\consulta\ver_consulta.php(66): CodeIgniter\Debug\Exceptions->errorHandler(8, 'Undefined index...', 'C:\\xampp\\htdocs...', 66, Array)
#1 C:\xampp\htdocs\Hamm\system\View\View.php(210): include('C:\\xampp\\htdocs...')
#2 C:\xampp\htdocs\Hamm\system\View\View.php(213): CodeIgniter\View\View->CodeIgniter\View\{closure}()
#3 C:\xampp\htdocs\Hamm\system\Common.php(1089): CodeIgniter\View\View->render('back/consulta/v...', Array, true)
#4 C:\xampp\htdocs\Hamm\app\Controllers\Usuario_controller.php(130): view('back/consulta/v...', Array)
#5 C:\xampp\htdocs\Hamm\system\CodeIgniter.php(832): App\Controllers\Usuario_controller->dashboard()
#6 C:\xampp\htdocs\Hamm\system\CodeIgniter.php(419): CodeIgniter\CodeIgniter->runController(Object(App\Controllers\Usuario_controller))
#7 C:\xampp\htdocs\Hamm\system\CodeIgniter.php(326): CodeIgniter\CodeIgniter->handleRequest(NULL, Object(Config\Cache), false)
#8 C:\xampp\htdocs\Hamm\index.php(37): CodeIgniter\CodeIgniter->run()
#9 {main}
CRITICAL - 2022-06-12 17:25:05 --> Undefined index: email
#0 C:\xampp\htdocs\Hamm\app\Views\back\consulta\ver_consulta.php(66): CodeIgniter\Debug\Exceptions->errorHandler(8, 'Undefined index...', 'C:\\xampp\\htdocs...', 66, Array)
#1 C:\xampp\htdocs\Hamm\system\View\View.php(210): include('C:\\xampp\\htdocs...')
#2 C:\xampp\htdocs\Hamm\system\View\View.php(213): CodeIgniter\View\View->CodeIgniter\View\{closure}()
#3 C:\xampp\htdocs\Hamm\system\Common.php(1089): CodeIgniter\View\View->render('back/consulta/v...', Array, true)
#4 C:\xampp\htdocs\Hamm\app\Controllers\Usuario_controller.php(130): view('back/consulta/v...', Array)
#5 C:\xampp\htdocs\Hamm\system\CodeIgniter.php(832): App\Controllers\Usuario_controller->dashboard()
#6 C:\xampp\htdocs\Hamm\system\CodeIgniter.php(419): CodeIgniter\CodeIgniter->runController(Object(App\Controllers\Usuario_controller))
#7 C:\xampp\htdocs\Hamm\system\CodeIgniter.php(326): CodeIgniter\CodeIgniter->handleRequest(NULL, Object(Config\Cache), false)
#8 C:\xampp\htdocs\Hamm\index.php(37): CodeIgniter\CodeIgniter->run()
#9 {main}
CRITICAL - 2022-06-12 17:25:06 --> Undefined index: email
#0 C:\xampp\htdocs\Hamm\app\Views\back\consulta\ver_consulta.php(66): CodeIgniter\Debug\Exceptions->errorHandler(8, 'Undefined index...', 'C:\\xampp\\htdocs...', 66, Array)
#1 C:\xampp\htdocs\Hamm\system\View\View.php(210): include('C:\\xampp\\htdocs...')
#2 C:\xampp\htdocs\Hamm\system\View\View.php(213): CodeIgniter\View\View->CodeIgniter\View\{closure}()
#3 C:\xampp\htdocs\Hamm\system\Common.php(1089): CodeIgniter\View\View->render('back/consulta/v...', Array, true)
#4 C:\xampp\htdocs\Hamm\app\Controllers\Usuario_controller.php(130): view('back/consulta/v...', Array)
#5 C:\xampp\htdocs\Hamm\system\CodeIgniter.php(832): App\Controllers\Usuario_controller->dashboard()
#6 C:\xampp\htdocs\Hamm\system\CodeIgniter.php(419): CodeIgniter\CodeIgniter->runController(Object(App\Controllers\Usuario_controller))
#7 C:\xampp\htdocs\Hamm\system\CodeIgniter.php(326): CodeIgniter\CodeIgniter->handleRequest(NULL, Object(Config\Cache), false)
#8 C:\xampp\htdocs\Hamm\index.php(37): CodeIgniter\CodeIgniter->run()
#9 {main}
CRITICAL - 2022-06-12 17:26:08 --> Undefined index: email
#0 C:\xampp\htdocs\Hamm\app\Views\back\consulta\ver_consulta.php(65): CodeIgniter\Debug\Exceptions->errorHandler(8, 'Undefined index...', 'C:\\xampp\\htdocs...', 65, Array)
#1 C:\xampp\htdocs\Hamm\system\View\View.php(210): include('C:\\xampp\\htdocs...')
#2 C:\xampp\htdocs\Hamm\system\View\View.php(213): CodeIgniter\View\View->CodeIgniter\View\{closure}()
#3 C:\xampp\htdocs\Hamm\system\Common.php(1089): CodeIgniter\View\View->render('back/consulta/v...', Array, true)
#4 C:\xampp\htdocs\Hamm\app\Controllers\Usuario_controller.php(130): view('back/consulta/v...', Array)
#5 C:\xampp\htdocs\Hamm\system\CodeIgniter.php(832): App\Controllers\Usuario_controller->dashboard()
#6 C:\xampp\htdocs\Hamm\system\CodeIgniter.php(419): CodeIgniter\CodeIgniter->runController(Object(App\Controllers\Usuario_controller))
#7 C:\xampp\htdocs\Hamm\system\CodeIgniter.php(326): CodeIgniter\CodeIgniter->handleRequest(NULL, Object(Config\Cache), false)
#8 C:\xampp\htdocs\Hamm\index.php(37): CodeIgniter\CodeIgniter->run()
#9 {main}
CRITICAL - 2022-06-12 17:26:09 --> Undefined index: email
#0 C:\xampp\htdocs\Hamm\app\Views\back\consulta\ver_consulta.php(65): CodeIgniter\Debug\Exceptions->errorHandler(8, 'Undefined index...', 'C:\\xampp\\htdocs...', 65, Array)
#1 C:\xampp\htdocs\Hamm\system\View\View.php(210): include('C:\\xampp\\htdocs...')
#2 C:\xampp\htdocs\Hamm\system\View\View.php(213): CodeIgniter\View\View->CodeIgniter\View\{closure}()
#3 C:\xampp\htdocs\Hamm\system\Common.php(1089): CodeIgniter\View\View->render('back/consulta/v...', Array, true)
#4 C:\xampp\htdocs\Hamm\app\Controllers\Usuario_controller.php(130): view('back/consulta/v...', Array)
#5 C:\xampp\htdocs\Hamm\system\CodeIgniter.php(832): App\Controllers\Usuario_controller->dashboard()
#6 C:\xampp\htdocs\Hamm\system\CodeIgniter.php(419): CodeIgniter\CodeIgniter->runController(Object(App\Controllers\Usuario_controller))
#7 C:\xampp\htdocs\Hamm\system\CodeIgniter.php(326): CodeIgniter\CodeIgniter->handleRequest(NULL, Object(Config\Cache), false)
#8 C:\xampp\htdocs\Hamm\index.php(37): CodeIgniter\CodeIgniter->run()
#9 {main}
CRITICAL - 2022-06-12 17:26:12 --> Undefined index: email
#0 C:\xampp\htdocs\Hamm\app\Views\back\consulta\ver_consulta.php(65): CodeIgniter\Debug\Exceptions->errorHandler(8, 'Undefined index...', 'C:\\xampp\\htdocs...', 65, Array)
#1 C:\xampp\htdocs\Hamm\system\View\View.php(210): include('C:\\xampp\\htdocs...')
#2 C:\xampp\htdocs\Hamm\system\View\View.php(213): CodeIgniter\View\View->CodeIgniter\View\{closure}()
#3 C:\xampp\htdocs\Hamm\system\Common.php(1089): CodeIgniter\View\View->render('back/consulta/v...', Array, true)
#4 C:\xampp\htdocs\Hamm\app\Controllers\Usuario_controller.php(130): view('back/consulta/v...', Array)
#5 C:\xampp\htdocs\Hamm\system\CodeIgniter.php(832): App\Controllers\Usuario_controller->dashboard()
#6 C:\xampp\htdocs\Hamm\system\CodeIgniter.php(419): CodeIgniter\CodeIgniter->runController(Object(App\Controllers\Usuario_controller))
#7 C:\xampp\htdocs\Hamm\system\CodeIgniter.php(326): CodeIgniter\CodeIgniter->handleRequest(NULL, Object(Config\Cache), false)
#8 C:\xampp\htdocs\Hamm\index.php(37): CodeIgniter\CodeIgniter->run()
#9 {main}
ERROR - 2022-06-12 17:55:28 --> Cannot add or update a child row: a foreign key constraint fails (`hamm`.`consultas`, CONSTRAINT `consultas_ibfk_1` FOREIGN KEY (`usuario_id`) REFERENCES `usuarios` (`id`) ON UPDATE CASCADE)
CRITICAL - 2022-06-12 17:55:28 --> Cannot add or update a child row: a foreign key constraint fails (`hamm`.`consultas`, CONSTRAINT `consultas_ibfk_1` FOREIGN KEY (`usuario_id`) REFERENCES `usuarios` (`id`) ON UPDATE CASCADE)
#0 C:\xampp\htdocs\Hamm\system\Database\MySQLi\Connection.php(292): mysqli->query('INSERT INTO `co...', 0)
#1 C:\xampp\htdocs\Hamm\system\Database\BaseConnection.php(670): CodeIgniter\Database\MySQLi\Connection->execute('INSERT INTO `co...')
#2 C:\xampp\htdocs\Hamm\system\Database\BaseConnection.php(598): CodeIgniter\Database\BaseConnection->simpleQuery('INSERT INTO `co...')
#3 C:\xampp\htdocs\Hamm\system\Database\BaseBuilder.php(1771): CodeIgniter\Database\BaseConnection->query('INSERT INTO `co...', Array, false)
#4 C:\xampp\htdocs\Hamm\app\Controllers\Consulta_controller.php(36): CodeIgniter\Database\BaseBuilder->insert(Array)
#5 C:\xampp\htdocs\Hamm\system\CodeIgniter.php(832): App\Controllers\Consulta_controller->agregar_consulta()
#6 C:\xampp\htdocs\Hamm\system\CodeIgniter.php(419): CodeIgniter\CodeIgniter->runController(Object(App\Controllers\Consulta_controller))
#7 C:\xampp\htdocs\Hamm\system\CodeIgniter.php(326): CodeIgniter\CodeIgniter->handleRequest(NULL, Object(Config\Cache), false)
#8 C:\xampp\htdocs\Hamm\index.php(37): CodeIgniter\CodeIgniter->run()
#9 {main}
CRITICAL - 2022-06-12 18:20:31 --> Undefined variable: row
#0 C:\xampp\htdocs\Hamm\app\Views\back\consulta\ver_consulta.php(67): CodeIgniter\Debug\Exceptions->errorHandler(8, 'Undefined varia...', 'C:\\xampp\\htdocs...', 67, Array)
#1 C:\xampp\htdocs\Hamm\system\View\View.php(210): include('C:\\xampp\\htdocs...')
#2 C:\xampp\htdocs\Hamm\system\View\View.php(213): CodeIgniter\View\View->CodeIgniter\View\{closure}()
#3 C:\xampp\htdocs\Hamm\system\Common.php(1089): CodeIgniter\View\View->render('back/consulta/v...', Array, true)
#4 C:\xampp\htdocs\Hamm\app\Controllers\Usuario_controller.php(130): view('back/consulta/v...', Array)
#5 C:\xampp\htdocs\Hamm\system\CodeIgniter.php(832): App\Controllers\Usuario_controller->dashboard()
#6 C:\xampp\htdocs\Hamm\system\CodeIgniter.php(419): CodeIgniter\CodeIgniter->runController(Object(App\Controllers\Usuario_controller))
#7 C:\xampp\htdocs\Hamm\system\CodeIgniter.php(326): CodeIgniter\CodeIgniter->handleRequest(NULL, Object(Config\Cache), false)
#8 C:\xampp\htdocs\Hamm\index.php(37): CodeIgniter\CodeIgniter->run()
#9 {main}
CRITICAL - 2022-06-12 18:20:33 --> Undefined variable: row
#0 C:\xampp\htdocs\Hamm\app\Views\back\consulta\ver_consulta.php(67): CodeIgniter\Debug\Exceptions->errorHandler(8, 'Undefined varia...', 'C:\\xampp\\htdocs...', 67, Array)
#1 C:\xampp\htdocs\Hamm\system\View\View.php(210): include('C:\\xampp\\htdocs...')
#2 C:\xampp\htdocs\Hamm\system\View\View.php(213): CodeIgniter\View\View->CodeIgniter\View\{closure}()
#3 C:\xampp\htdocs\Hamm\system\Common.php(1089): CodeIgniter\View\View->render('back/consulta/v...', Array, true)
#4 C:\xampp\htdocs\Hamm\app\Controllers\Usuario_controller.php(130): view('back/consulta/v...', Array)
#5 C:\xampp\htdocs\Hamm\system\CodeIgniter.php(832): App\Controllers\Usuario_controller->dashboard()
#6 C:\xampp\htdocs\Hamm\system\CodeIgniter.php(419): CodeIgniter\CodeIgniter->runController(Object(App\Controllers\Usuario_controller))
#7 C:\xampp\htdocs\Hamm\system\CodeIgniter.php(326): CodeIgniter\CodeIgniter->handleRequest(NULL, Object(Config\Cache), false)
#8 C:\xampp\htdocs\Hamm\index.php(37): CodeIgniter\CodeIgniter->run()
#9 {main}
CRITICAL - 2022-06-12 18:20:49 --> Cannot use object of type CodeIgniter\Database\MySQLi\Result as array
#0 C:\xampp\htdocs\Hamm\system\View\View.php(210): include()
#1 C:\xampp\htdocs\Hamm\system\View\View.php(213): CodeIgniter\View\View->CodeIgniter\View\{closure}()
#2 C:\xampp\htdocs\Hamm\system\Common.php(1089): CodeIgniter\View\View->render('back/consulta/v...', Array, true)
#3 C:\xampp\htdocs\Hamm\app\Controllers\Usuario_controller.php(130): view('back/consulta/v...', Array)
#4 C:\xampp\htdocs\Hamm\system\CodeIgniter.php(832): App\Controllers\Usuario_controller->dashboard()
#5 C:\xampp\htdocs\Hamm\system\CodeIgniter.php(419): CodeIgniter\CodeIgniter->runController(Object(App\Controllers\Usuario_controller))
#6 C:\xampp\htdocs\Hamm\system\CodeIgniter.php(326): CodeIgniter\CodeIgniter->handleRequest(NULL, Object(Config\Cache), false)
#7 C:\xampp\htdocs\Hamm\index.php(37): CodeIgniter\CodeIgniter->run()
#8 {main}
CRITICAL - 2022-06-12 18:28:09 --> Undefined index: usuarios
#0 C:\xampp\htdocs\Hamm\app\Views\back\consulta\ver_consulta.php(67): CodeIgniter\Debug\Exceptions->errorHandler(8, 'Undefined index...', 'C:\\xampp\\htdocs...', 67, Array)
#1 C:\xampp\htdocs\Hamm\system\View\View.php(210): include('C:\\xampp\\htdocs...')
#2 C:\xampp\htdocs\Hamm\system\View\View.php(213): CodeIgniter\View\View->CodeIgniter\View\{closure}()
#3 C:\xampp\htdocs\Hamm\system\Common.php(1089): CodeIgniter\View\View->render('back/consulta/v...', Array, true)
#4 C:\xampp\htdocs\Hamm\app\Controllers\Usuario_controller.php(130): view('back/consulta/v...', Array)
#5 C:\xampp\htdocs\Hamm\system\CodeIgniter.php(832): App\Controllers\Usuario_controller->dashboard()
#6 C:\xampp\htdocs\Hamm\system\CodeIgniter.php(419): CodeIgniter\CodeIgniter->runController(Object(App\Controllers\Usuario_controller))
#7 C:\xampp\htdocs\Hamm\system\CodeIgniter.php(326): CodeIgniter\CodeIgniter->handleRequest(NULL, Object(Config\Cache), false)
#8 C:\xampp\htdocs\Hamm\index.php(37): CodeIgniter\CodeIgniter->run()
#9 {main}
CRITICAL - 2022-06-12 18:28:11 --> Undefined index: usuarios
#0 C:\xampp\htdocs\Hamm\app\Views\back\consulta\ver_consulta.php(67): CodeIgniter\Debug\Exceptions->errorHandler(8, 'Undefined index...', 'C:\\xampp\\htdocs...', 67, Array)
#1 C:\xampp\htdocs\Hamm\system\View\View.php(210): include('C:\\xampp\\htdocs...')
#2 C:\xampp\htdocs\Hamm\system\View\View.php(213): CodeIgniter\View\View->CodeIgniter\View\{closure}()
#3 C:\xampp\htdocs\Hamm\system\Common.php(1089): CodeIgniter\View\View->render('back/consulta/v...', Array, true)
#4 C:\xampp\htdocs\Hamm\app\Controllers\Usuario_controller.php(130): view('back/consulta/v...', Array)
#5 C:\xampp\htdocs\Hamm\system\CodeIgniter.php(832): App\Controllers\Usuario_controller->dashboard()
#6 C:\xampp\htdocs\Hamm\system\CodeIgniter.php(419): CodeIgniter\CodeIgniter->runController(Object(App\Controllers\Usuario_controller))
#7 C:\xampp\htdocs\Hamm\system\CodeIgniter.php(326): CodeIgniter\CodeIgniter->handleRequest(NULL, Object(Config\Cache), false)
#8 C:\xampp\htdocs\Hamm\index.php(37): CodeIgniter\CodeIgniter->run()
#9 {main}
CRITICAL - 2022-06-12 18:28:22 --> Undefined index: usuario
#0 C:\xampp\htdocs\Hamm\app\Views\back\consulta\ver_consulta.php(67): CodeIgniter\Debug\Exceptions->errorHandler(8, 'Undefined index...', 'C:\\xampp\\htdocs...', 67, Array)
#1 C:\xampp\htdocs\Hamm\system\View\View.php(210): include('C:\\xampp\\htdocs...')
#2 C:\xampp\htdocs\Hamm\system\View\View.php(213): CodeIgniter\View\View->CodeIgniter\View\{closure}()
#3 C:\xampp\htdocs\Hamm\system\Common.php(1089): CodeIgniter\View\View->render('back/consulta/v...', Array, true)
#4 C:\xampp\htdocs\Hamm\app\Controllers\Usuario_controller.php(130): view('back/consulta/v...', Array)
#5 C:\xampp\htdocs\Hamm\system\CodeIgniter.php(832): App\Controllers\Usuario_controller->dashboard()
#6 C:\xampp\htdocs\Hamm\system\CodeIgniter.php(419): CodeIgniter\CodeIgniter->runController(Object(App\Controllers\Usuario_controller))
#7 C:\xampp\htdocs\Hamm\system\CodeIgniter.php(326): CodeIgniter\CodeIgniter->handleRequest(NULL, Object(Config\Cache), false)
#8 C:\xampp\htdocs\Hamm\index.php(37): CodeIgniter\CodeIgniter->run()
#9 {main}
CRITICAL - 2022-06-12 18:28:23 --> Undefined index: usuario
#0 C:\xampp\htdocs\Hamm\app\Views\back\consulta\ver_consulta.php(67): CodeIgniter\Debug\Exceptions->errorHandler(8, 'Undefined index...', 'C:\\xampp\\htdocs...', 67, Array)
#1 C:\xampp\htdocs\Hamm\system\View\View.php(210): include('C:\\xampp\\htdocs...')
#2 C:\xampp\htdocs\Hamm\system\View\View.php(213): CodeIgniter\View\View->CodeIgniter\View\{closure}()
#3 C:\xampp\htdocs\Hamm\system\Common.php(1089): CodeIgniter\View\View->render('back/consulta/v...', Array, true)
#4 C:\xampp\htdocs\Hamm\app\Controllers\Usuario_controller.php(130): view('back/consulta/v...', Array)
#5 C:\xampp\htdocs\Hamm\system\CodeIgniter.php(832): App\Controllers\Usuario_controller->dashboard()
#6 C:\xampp\htdocs\Hamm\system\CodeIgniter.php(419): CodeIgniter\CodeIgniter->runController(Object(App\Controllers\Usuario_controller))
#7 C:\xampp\htdocs\Hamm\system\CodeIgniter.php(326): CodeIgniter\CodeIgniter->handleRequest(NULL, Object(Config\Cache), false)
#8 C:\xampp\htdocs\Hamm\index.php(37): CodeIgniter\CodeIgniter->run()
#9 {main}
CRITICAL - 2022-06-12 18:28:34 --> Undefined index: nombre
#0 C:\xampp\htdocs\Hamm\app\Views\back\consulta\ver_consulta.php(67): CodeIgniter\Debug\Exceptions->errorHandler(8, 'Undefined index...', 'C:\\xampp\\htdocs...', 67, Array)
#1 C:\xampp\htdocs\Hamm\system\View\View.php(210): include('C:\\xampp\\htdocs...')
#2 C:\xampp\htdocs\Hamm\system\View\View.php(213): CodeIgniter\View\View->CodeIgniter\View\{closure}()
#3 C:\xampp\htdocs\Hamm\system\Common.php(1089): CodeIgniter\View\View->render('back/consulta/v...', Array, true)
#4 C:\xampp\htdocs\Hamm\app\Controllers\Usuario_controller.php(130): view('back/consulta/v...', Array)
#5 C:\xampp\htdocs\Hamm\system\CodeIgniter.php(832): App\Controllers\Usuario_controller->dashboard()
#6 C:\xampp\htdocs\Hamm\system\CodeIgniter.php(419): CodeIgniter\CodeIgniter->runController(Object(App\Controllers\Usuario_controller))
#7 C:\xampp\htdocs\Hamm\system\CodeIgniter.php(326): CodeIgniter\CodeIgniter->handleRequest(NULL, Object(Config\Cache), false)
#8 C:\xampp\htdocs\Hamm\index.php(37): CodeIgniter\CodeIgniter->run()
#9 {main}
CRITICAL - 2022-06-12 18:28:37 --> Undefined index: nombre
#0 C:\xampp\htdocs\Hamm\app\Views\back\consulta\ver_consulta.php(67): CodeIgniter\Debug\Exceptions->errorHandler(8, 'Undefined index...', 'C:\\xampp\\htdocs...', 67, Array)
#1 C:\xampp\htdocs\Hamm\system\View\View.php(210): include('C:\\xampp\\htdocs...')
#2 C:\xampp\htdocs\Hamm\system\View\View.php(213): CodeIgniter\View\View->CodeIgniter\View\{closure}()
#3 C:\xampp\htdocs\Hamm\system\Common.php(1089): CodeIgniter\View\View->render('back/consulta/v...', Array, true)
#4 C:\xampp\htdocs\Hamm\app\Controllers\Usuario_controller.php(130): view('back/consulta/v...', Array)
#5 C:\xampp\htdocs\Hamm\system\CodeIgniter.php(832): App\Controllers\Usuario_controller->dashboard()
#6 C:\xampp\htdocs\Hamm\system\CodeIgniter.php(419): CodeIgniter\CodeIgniter->runController(Object(App\Controllers\Usuario_controller))
#7 C:\xampp\htdocs\Hamm\system\CodeIgniter.php(326): CodeIgniter\CodeIgniter->handleRequest(NULL, Object(Config\Cache), false)
#8 C:\xampp\htdocs\Hamm\index.php(37): CodeIgniter\CodeIgniter->run()
#9 {main}
CRITICAL - 2022-06-12 18:45:29 --> syntax error, unexpected '$'
#0 C:\xampp\htdocs\Hamm\system\View\View.php(213): CodeIgniter\View\View->CodeIgniter\View\{closure}()
#1 C:\xampp\htdocs\Hamm\system\Common.php(1089): CodeIgniter\View\View->render('back/consulta/v...', Array, true)
#2 C:\xampp\htdocs\Hamm\app\Controllers\Usuario_controller.php(130): view('back/consulta/v...', Array)
#3 C:\xampp\htdocs\Hamm\system\CodeIgniter.php(832): App\Controllers\Usuario_controller->dashboard()
#4 C:\xampp\htdocs\Hamm\system\CodeIgniter.php(419): CodeIgniter\CodeIgniter->runController(Object(App\Controllers\Usuario_controller))
#5 C:\xampp\htdocs\Hamm\system\CodeIgniter.php(326): CodeIgniter\CodeIgniter->handleRequest(NULL, Object(Config\Cache), false)
#6 C:\xampp\htdocs\Hamm\index.php(37): CodeIgniter\CodeIgniter->run()
#7 {main}
CRITICAL - 2022-06-12 19:10:39 --> Illegal string offset 'nombre'
#0 C:\xampp\htdocs\Hamm\app\Views\back\consulta\ver_consulta.php(78): CodeIgniter\Debug\Exceptions->errorHandler(2, 'Illegal string ...', 'C:\\xampp\\htdocs...', 78, Array)
#1 C:\xampp\htdocs\Hamm\system\View\View.php(210): include('C:\\xampp\\htdocs...')
#2 C:\xampp\htdocs\Hamm\system\View\View.php(213): CodeIgniter\View\View->CodeIgniter\View\{closure}()
#3 C:\xampp\htdocs\Hamm\system\Common.php(1089): CodeIgniter\View\View->render('back/consulta/v...', Array, true)
#4 C:\xampp\htdocs\Hamm\app\Controllers\Usuario_controller.php(130): view('back/consulta/v...', Array)
#5 C:\xampp\htdocs\Hamm\system\CodeIgniter.php(832): App\Controllers\Usuario_controller->dashboard()
#6 C:\xampp\htdocs\Hamm\system\CodeIgniter.php(419): CodeIgniter\CodeIgniter->runController(Object(App\Controllers\Usuario_controller))
#7 C:\xampp\htdocs\Hamm\system\CodeIgniter.php(326): CodeIgniter\CodeIgniter->handleRequest(NULL, Object(Config\Cache), false)
#8 C:\xampp\htdocs\Hamm\index.php(37): CodeIgniter\CodeIgniter->run()
#9 {main}
CRITICAL - 2022-06-12 19:10:41 --> Illegal string offset 'nombre'
#0 C:\xampp\htdocs\Hamm\app\Views\back\consulta\ver_consulta.php(78): CodeIgniter\Debug\Exceptions->errorHandler(2, 'Illegal string ...', 'C:\\xampp\\htdocs...', 78, Array)
#1 C:\xampp\htdocs\Hamm\system\View\View.php(210): include('C:\\xampp\\htdocs...')
#2 C:\xampp\htdocs\Hamm\system\View\View.php(213): CodeIgniter\View\View->CodeIgniter\View\{closure}()
#3 C:\xampp\htdocs\Hamm\system\Common.php(1089): CodeIgniter\View\View->render('back/consulta/v...', Array, true)
#4 C:\xampp\htdocs\Hamm\app\Controllers\Usuario_controller.php(130): view('back/consulta/v...', Array)
#5 C:\xampp\htdocs\Hamm\system\CodeIgniter.php(832): App\Controllers\Usuario_controller->dashboard()
#6 C:\xampp\htdocs\Hamm\system\CodeIgniter.php(419): CodeIgniter\CodeIgniter->runController(Object(App\Controllers\Usuario_controller))
#7 C:\xampp\htdocs\Hamm\system\CodeIgniter.php(326): CodeIgniter\CodeIgniter->handleRequest(NULL, Object(Config\Cache), false)
#8 C:\xampp\htdocs\Hamm\index.php(37): CodeIgniter\CodeIgniter->run()
#9 {main}
