CRITICAL - 2022-06-16 14:08:29 --> syntax error, unexpected end of file, expecting elseif (T_ELSEIF) or else (T_ELSE) or endif (T_ENDIF)
#0 C:\xampp\htdocs\Hamm\system\View\View.php(213): CodeIgniter\View\View->CodeIgniter\View\{closure}()
#1 C:\xampp\htdocs\Hamm\system\Common.php(1089): CodeIgniter\View\View->render('front/contacto', Array, true)
#2 C:\xampp\htdocs\Hamm\app\Controllers\Home.php(65): view('front/contacto')
#3 C:\xampp\htdocs\Hamm\system\CodeIgniter.php(832): App\Controllers\Home->contacto()
#4 C:\xampp\htdocs\Hamm\system\CodeIgniter.php(419): CodeIgniter\CodeIgniter->runController(Object(App\Controllers\Home))
#5 C:\xampp\htdocs\Hamm\system\CodeIgniter.php(326): CodeIgniter\CodeIgniter->handleRequest(NULL, Object(Config\Cache), false)
#6 C:\xampp\htdocs\Hamm\index.php(37): CodeIgniter\CodeIgniter->run()
#7 {main}
CRITICAL - 2022-06-16 14:08:32 --> syntax error, unexpected end of file, expecting elseif (T_ELSEIF) or else (T_ELSE) or endif (T_ENDIF)
#0 C:\xampp\htdocs\Hamm\system\View\View.php(213): CodeIgniter\View\View->CodeIgniter\View\{closure}()
#1 C:\xampp\htdocs\Hamm\system\Common.php(1089): CodeIgniter\View\View->render('front/contacto', Array, true)
#2 C:\xampp\htdocs\Hamm\app\Controllers\Home.php(65): view('front/contacto')
#3 C:\xampp\htdocs\Hamm\system\CodeIgniter.php(832): App\Controllers\Home->contacto()
#4 C:\xampp\htdocs\Hamm\system\CodeIgniter.php(419): CodeIgniter\CodeIgniter->runController(Object(App\Controllers\Home))
#5 C:\xampp\htdocs\Hamm\system\CodeIgniter.php(326): CodeIgniter\CodeIgniter->handleRequest(NULL, Object(Config\Cache), false)
#6 C:\xampp\htdocs\Hamm\index.php(37): CodeIgniter\CodeIgniter->run()
#7 {main}
CRITICAL - 2022-06-16 14:08:33 --> syntax error, unexpected end of file, expecting elseif (T_ELSEIF) or else (T_ELSE) or endif (T_ENDIF)
#0 C:\xampp\htdocs\Hamm\system\View\View.php(213): CodeIgniter\View\View->CodeIgniter\View\{closure}()
#1 C:\xampp\htdocs\Hamm\system\Common.php(1089): CodeIgniter\View\View->render('front/contacto', Array, true)
#2 C:\xampp\htdocs\Hamm\app\Controllers\Home.php(65): view('front/contacto')
#3 C:\xampp\htdocs\Hamm\system\CodeIgniter.php(832): App\Controllers\Home->contacto()
#4 C:\xampp\htdocs\Hamm\system\CodeIgniter.php(419): CodeIgniter\CodeIgniter->runController(Object(App\Controllers\Home))
#5 C:\xampp\htdocs\Hamm\system\CodeIgniter.php(326): CodeIgniter\CodeIgniter->handleRequest(NULL, Object(Config\Cache), false)
#6 C:\xampp\htdocs\Hamm\index.php(37): CodeIgniter\CodeIgniter->run()
#7 {main}
CRITICAL - 2022-06-16 14:15:26 --> syntax error, unexpected end of file, expecting elseif (T_ELSEIF) or else (T_ELSE) or endif (T_ENDIF)
#0 C:\xampp\htdocs\Hamm\system\View\View.php(213): CodeIgniter\View\View->CodeIgniter\View\{closure}()
#1 C:\xampp\htdocs\Hamm\system\Common.php(1089): CodeIgniter\View\View->render('front/contacto', Array, true)
#2 C:\xampp\htdocs\Hamm\app\Controllers\Home.php(65): view('front/contacto')
#3 C:\xampp\htdocs\Hamm\system\CodeIgniter.php(832): App\Controllers\Home->contacto()
#4 C:\xampp\htdocs\Hamm\system\CodeIgniter.php(419): CodeIgniter\CodeIgniter->runController(Object(App\Controllers\Home))
#5 C:\xampp\htdocs\Hamm\system\CodeIgniter.php(326): CodeIgniter\CodeIgniter->handleRequest(NULL, Object(Config\Cache), false)
#6 C:\xampp\htdocs\Hamm\index.php(37): CodeIgniter\CodeIgniter->run()
#7 {main}
CRITICAL - 2022-06-16 14:15:28 --> syntax error, unexpected end of file, expecting elseif (T_ELSEIF) or else (T_ELSE) or endif (T_ENDIF)
#0 C:\xampp\htdocs\Hamm\system\View\View.php(213): CodeIgniter\View\View->CodeIgniter\View\{closure}()
#1 C:\xampp\htdocs\Hamm\system\Common.php(1089): CodeIgniter\View\View->render('front/contacto', Array, true)
#2 C:\xampp\htdocs\Hamm\app\Controllers\Home.php(65): view('front/contacto')
#3 C:\xampp\htdocs\Hamm\system\CodeIgniter.php(832): App\Controllers\Home->contacto()
#4 C:\xampp\htdocs\Hamm\system\CodeIgniter.php(419): CodeIgniter\CodeIgniter->runController(Object(App\Controllers\Home))
#5 C:\xampp\htdocs\Hamm\system\CodeIgniter.php(326): CodeIgniter\CodeIgniter->handleRequest(NULL, Object(Config\Cache), false)
#6 C:\xampp\htdocs\Hamm\index.php(37): CodeIgniter\CodeIgniter->run()
#7 {main}
CRITICAL - 2022-06-16 14:16:22 --> Undefined variable: session
#0 C:\xampp\htdocs\Hamm\app\Views\front\contacto.php(63): CodeIgniter\Debug\Exceptions->errorHandler(8, 'Undefined varia...', 'C:\\xampp\\htdocs...', 63, Array)
#1 C:\xampp\htdocs\Hamm\system\View\View.php(210): include('C:\\xampp\\htdocs...')
#2 C:\xampp\htdocs\Hamm\system\View\View.php(213): CodeIgniter\View\View->CodeIgniter\View\{closure}()
#3 C:\xampp\htdocs\Hamm\system\Common.php(1089): CodeIgniter\View\View->render('front/contacto', Array, true)
#4 C:\xampp\htdocs\Hamm\app\Controllers\Home.php(65): view('front/contacto')
#5 C:\xampp\htdocs\Hamm\system\CodeIgniter.php(832): App\Controllers\Home->contacto()
#6 C:\xampp\htdocs\Hamm\system\CodeIgniter.php(419): CodeIgniter\CodeIgniter->runController(Object(App\Controllers\Home))
#7 C:\xampp\htdocs\Hamm\system\CodeIgniter.php(326): CodeIgniter\CodeIgniter->handleRequest(NULL, Object(Config\Cache), false)
#8 C:\xampp\htdocs\Hamm\index.php(37): CodeIgniter\CodeIgniter->run()
#9 {main}
CRITICAL - 2022-06-16 14:17:11 --> Undefined variable: session
#0 C:\xampp\htdocs\Hamm\app\Views\front\contacto.php(63): CodeIgniter\Debug\Exceptions->errorHandler(8, 'Undefined varia...', 'C:\\xampp\\htdocs...', 63, Array)
#1 C:\xampp\htdocs\Hamm\system\View\View.php(210): include('C:\\xampp\\htdocs...')
#2 C:\xampp\htdocs\Hamm\system\View\View.php(213): CodeIgniter\View\View->CodeIgniter\View\{closure}()
#3 C:\xampp\htdocs\Hamm\system\Common.php(1089): CodeIgniter\View\View->render('front/contacto', Array, true)
#4 C:\xampp\htdocs\Hamm\app\Controllers\Home.php(65): view('front/contacto')
#5 C:\xampp\htdocs\Hamm\system\CodeIgniter.php(832): App\Controllers\Home->contacto()
#6 C:\xampp\htdocs\Hamm\system\CodeIgniter.php(419): CodeIgniter\CodeIgniter->runController(Object(App\Controllers\Home))
#7 C:\xampp\htdocs\Hamm\system\CodeIgniter.php(326): CodeIgniter\CodeIgniter->handleRequest(NULL, Object(Config\Cache), false)
#8 C:\xampp\htdocs\Hamm\index.php(37): CodeIgniter\CodeIgniter->run()
#9 {main}
CRITICAL - 2022-06-16 14:17:13 --> Undefined variable: session
#0 C:\xampp\htdocs\Hamm\app\Views\front\contacto.php(63): CodeIgniter\Debug\Exceptions->errorHandler(8, 'Undefined varia...', 'C:\\xampp\\htdocs...', 63, Array)
#1 C:\xampp\htdocs\Hamm\system\View\View.php(210): include('C:\\xampp\\htdocs...')
#2 C:\xampp\htdocs\Hamm\system\View\View.php(213): CodeIgniter\View\View->CodeIgniter\View\{closure}()
#3 C:\xampp\htdocs\Hamm\system\Common.php(1089): CodeIgniter\View\View->render('front/contacto', Array, true)
#4 C:\xampp\htdocs\Hamm\app\Controllers\Home.php(65): view('front/contacto')
#5 C:\xampp\htdocs\Hamm\system\CodeIgniter.php(832): App\Controllers\Home->contacto()
#6 C:\xampp\htdocs\Hamm\system\CodeIgniter.php(419): CodeIgniter\CodeIgniter->runController(Object(App\Controllers\Home))
#7 C:\xampp\htdocs\Hamm\system\CodeIgniter.php(326): CodeIgniter\CodeIgniter->handleRequest(NULL, Object(Config\Cache), false)
#8 C:\xampp\htdocs\Hamm\index.php(37): CodeIgniter\CodeIgniter->run()
#9 {main}
