ERROR - 2022-06-08 15:19:56 --> Unknown column 'id' in 'where clause'
CRITICAL - 2022-06-08 15:19:56 --> Unknown column 'id' in 'where clause'
#0 C:\xampp\htdocs\Hamm\system\Database\MySQLi\Connection.php(292): mysqli->query('SELECT *\nFROM `...', 0)
#1 C:\xampp\htdocs\Hamm\system\Database\BaseConnection.php(670): CodeIgniter\Database\MySQLi\Connection->execute('SELECT *\nFROM `...')
#2 C:\xampp\htdocs\Hamm\system\Database\BaseConnection.php(598): CodeIgniter\Database\BaseConnection->simpleQuery('SELECT *\nFROM `...')
#3 C:\xampp\htdocs\Hamm\system\Database\BaseBuilder.php(1455): CodeIgniter\Database\BaseConnection->query('SELECT *\nFROM `...', Array, false)
#4 C:\xampp\htdocs\Hamm\system\Model.php(210): CodeIgniter\Database\BaseBuilder->get()
#5 C:\xampp\htdocs\Hamm\system\BaseModel.php(622): CodeIgniter\Model->doFirst()
#6 C:\xampp\htdocs\Hamm\app\Controllers\Producto_controller.php(129): CodeIgniter\BaseModel->first()
#7 C:\xampp\htdocs\Hamm\system\CodeIgniter.php(832): App\Controllers\Producto_controller->editar_producto()
#8 C:\xampp\htdocs\Hamm\system\CodeIgniter.php(419): CodeIgniter\CodeIgniter->runController(Object(App\Controllers\Producto_controller))
#9 C:\xampp\htdocs\Hamm\system\CodeIgniter.php(326): CodeIgniter\CodeIgniter->handleRequest(NULL, Object(Config\Cache), false)
#10 C:\xampp\htdocs\Hamm\index.php(37): CodeIgniter\CodeIgniter->run()
#11 {main}
CRITICAL - 2022-06-08 15:20:21 --> Call to a member function getName() on null
#0 C:\xampp\htdocs\Hamm\system\CodeIgniter.php(832): App\Controllers\Producto_controller->editar_producto()
#1 C:\xampp\htdocs\Hamm\system\CodeIgniter.php(419): CodeIgniter\CodeIgniter->runController(Object(App\Controllers\Producto_controller))
#2 C:\xampp\htdocs\Hamm\system\CodeIgniter.php(326): CodeIgniter\CodeIgniter->handleRequest(NULL, Object(Config\Cache), false)
#3 C:\xampp\htdocs\Hamm\index.php(37): CodeIgniter\CodeIgniter->run()
#4 {main}
CRITICAL - 2022-06-08 15:20:39 --> There is no data to update.
#0 C:\xampp\htdocs\Hamm\system\BaseModel.php(1574): CodeIgniter\Database\Exceptions\DataException::forEmptyDataset('update')
#1 C:\xampp\htdocs\Hamm\system\BaseModel.php(832): CodeIgniter\BaseModel->transformDataToArray(NULL, 'update')
#2 C:\xampp\htdocs\Hamm\system\Model.php(651): CodeIgniter\BaseModel->update(Array, NULL)
#3 C:\xampp\htdocs\Hamm\app\Controllers\Producto_controller.php(132): CodeIgniter\Model->update(Array)
#4 C:\xampp\htdocs\Hamm\system\CodeIgniter.php(832): App\Controllers\Producto_controller->editar_producto()
#5 C:\xampp\htdocs\Hamm\system\CodeIgniter.php(419): CodeIgniter\CodeIgniter->runController(Object(App\Controllers\Producto_controller))
#6 C:\xampp\htdocs\Hamm\system\CodeIgniter.php(326): CodeIgniter\CodeIgniter->handleRequest(NULL, Object(Config\Cache), false)
#7 C:\xampp\htdocs\Hamm\index.php(37): CodeIgniter\CodeIgniter->run()
#8 {main}
CRITICAL - 2022-06-08 15:21:36 --> Undefined index: id
#0 C:\xampp\htdocs\Hamm\app\Views\back\usuario\editar_usuario.php(5): CodeIgniter\Debug\Exceptions->errorHandler(8, 'Undefined index...', 'C:\\xampp\\htdocs...', 5, Array)
#1 C:\xampp\htdocs\Hamm\system\View\View.php(210): include('C:\\xampp\\htdocs...')
#2 C:\xampp\htdocs\Hamm\system\View\View.php(213): CodeIgniter\View\View->CodeIgniter\View\{closure}()
#3 C:\xampp\htdocs\Hamm\system\Common.php(1089): CodeIgniter\View\View->render('back/usuario/ed...', Array, true)
#4 C:\xampp\htdocs\Hamm\app\Controllers\Producto_controller.php(134): view('back/usuario/ed...', Array)
#5 C:\xampp\htdocs\Hamm\system\CodeIgniter.php(832): App\Controllers\Producto_controller->editar_producto()
#6 C:\xampp\htdocs\Hamm\system\CodeIgniter.php(419): CodeIgniter\CodeIgniter->runController(Object(App\Controllers\Producto_controller))
#7 C:\xampp\htdocs\Hamm\system\CodeIgniter.php(326): CodeIgniter\CodeIgniter->handleRequest(NULL, Object(Config\Cache), false)
#8 C:\xampp\htdocs\Hamm\index.php(37): CodeIgniter\CodeIgniter->run()
#9 {main}
CRITICAL - 2022-06-08 15:24:09 --> Invalid file: back/usuario/editar_producto.php
#0 C:\xampp\htdocs\Hamm\system\View\View.php(198): CodeIgniter\Exceptions\FrameworkException::forInvalidFile('back/usuario/ed...')
#1 C:\xampp\htdocs\Hamm\system\Common.php(1089): CodeIgniter\View\View->render('back/usuario/ed...', Array, true)
#2 C:\xampp\htdocs\Hamm\app\Controllers\Producto_controller.php(134): view('back/usuario/ed...', Array)
#3 C:\xampp\htdocs\Hamm\system\CodeIgniter.php(832): App\Controllers\Producto_controller->editar_producto()
#4 C:\xampp\htdocs\Hamm\system\CodeIgniter.php(419): CodeIgniter\CodeIgniter->runController(Object(App\Controllers\Producto_controller))
#5 C:\xampp\htdocs\Hamm\system\CodeIgniter.php(326): CodeIgniter\CodeIgniter->handleRequest(NULL, Object(Config\Cache), false)
#6 C:\xampp\htdocs\Hamm\index.php(37): CodeIgniter\CodeIgniter->run()
#7 {main}
CRITICAL - 2022-06-08 15:25:05 --> Invalid file: back/usuario/editar_producto.php
#0 C:\xampp\htdocs\Hamm\system\View\View.php(198): CodeIgniter\Exceptions\FrameworkException::forInvalidFile('back/usuario/ed...')
#1 C:\xampp\htdocs\Hamm\system\Common.php(1089): CodeIgniter\View\View->render('back/usuario/ed...', Array, true)
#2 C:\xampp\htdocs\Hamm\app\Controllers\Producto_controller.php(134): view('back/usuario/ed...', Array)
#3 C:\xampp\htdocs\Hamm\system\CodeIgniter.php(832): App\Controllers\Producto_controller->editar_producto()
#4 C:\xampp\htdocs\Hamm\system\CodeIgniter.php(419): CodeIgniter\CodeIgniter->runController(Object(App\Controllers\Producto_controller))
#5 C:\xampp\htdocs\Hamm\system\CodeIgniter.php(326): CodeIgniter\CodeIgniter->handleRequest(NULL, Object(Config\Cache), false)
#6 C:\xampp\htdocs\Hamm\index.php(37): CodeIgniter\CodeIgniter->run()
#7 {main}
CRITICAL - 2022-06-08 15:25:17 --> Invalid file: back/usuario/editar_producto.php
#0 C:\xampp\htdocs\Hamm\system\View\View.php(198): CodeIgniter\Exceptions\FrameworkException::forInvalidFile('back/usuario/ed...')
#1 C:\xampp\htdocs\Hamm\system\Common.php(1089): CodeIgniter\View\View->render('back/usuario/ed...', Array, true)
#2 C:\xampp\htdocs\Hamm\app\Controllers\Producto_controller.php(134): view('back/usuario/ed...', Array)
#3 C:\xampp\htdocs\Hamm\system\CodeIgniter.php(832): App\Controllers\Producto_controller->editar_producto()
#4 C:\xampp\htdocs\Hamm\system\CodeIgniter.php(419): CodeIgniter\CodeIgniter->runController(Object(App\Controllers\Producto_controller))
#5 C:\xampp\htdocs\Hamm\system\CodeIgniter.php(326): CodeIgniter\CodeIgniter->handleRequest(NULL, Object(Config\Cache), false)
#6 C:\xampp\htdocs\Hamm\index.php(37): CodeIgniter\CodeIgniter->run()
#7 {main}
CRITICAL - 2022-06-08 15:25:22 --> Invalid file: back/usuario/editar_producto.php
#0 C:\xampp\htdocs\Hamm\system\View\View.php(198): CodeIgniter\Exceptions\FrameworkException::forInvalidFile('back/usuario/ed...')
#1 C:\xampp\htdocs\Hamm\system\Common.php(1089): CodeIgniter\View\View->render('back/usuario/ed...', Array, true)
#2 C:\xampp\htdocs\Hamm\app\Controllers\Producto_controller.php(134): view('back/usuario/ed...', Array)
#3 C:\xampp\htdocs\Hamm\system\CodeIgniter.php(832): App\Controllers\Producto_controller->editar_producto()
#4 C:\xampp\htdocs\Hamm\system\CodeIgniter.php(419): CodeIgniter\CodeIgniter->runController(Object(App\Controllers\Producto_controller))
#5 C:\xampp\htdocs\Hamm\system\CodeIgniter.php(326): CodeIgniter\CodeIgniter->handleRequest(NULL, Object(Config\Cache), false)
#6 C:\xampp\htdocs\Hamm\index.php(37): CodeIgniter\CodeIgniter->run()
#7 {main}
CRITICAL - 2022-06-08 17:11:06 -->  uploaded is not a valid rule.
#0 C:\xampp\htdocs\Hamm\system\Validation\Validation.php(300): CodeIgniter\Validation\Exceptions\ValidationException::forRuleNotFound(' uploaded')
#1 C:\xampp\htdocs\Hamm\system\Validation\Validation.php(157): CodeIgniter\Validation\Validation->processRules('img_producto', 'img_producto', NULL, Array, Array)
#2 C:\xampp\htdocs\Hamm\system\Controller.php(160): CodeIgniter\Validation\Validation->run()
#3 C:\xampp\htdocs\Hamm\app\Controllers\Producto_controller.php(64): CodeIgniter\Controller->validate(Array, Array)
#4 C:\xampp\htdocs\Hamm\system\CodeIgniter.php(832): App\Controllers\Producto_controller->insertar_producto()
#5 C:\xampp\htdocs\Hamm\system\CodeIgniter.php(419): CodeIgniter\CodeIgniter->runController(Object(App\Controllers\Producto_controller))
#6 C:\xampp\htdocs\Hamm\system\CodeIgniter.php(326): CodeIgniter\CodeIgniter->handleRequest(NULL, Object(Config\Cache), false)
#7 C:\xampp\htdocs\Hamm\index.php(37): CodeIgniter\CodeIgniter->run()
#8 {main}
CRITICAL - 2022-06-08 17:12:46 -->  'uploaded is not a valid rule.
#0 C:\xampp\htdocs\Hamm\system\Validation\Validation.php(300): CodeIgniter\Validation\Exceptions\ValidationException::forRuleNotFound(' 'uploaded')
#1 C:\xampp\htdocs\Hamm\system\Validation\Validation.php(157): CodeIgniter\Validation\Validation->processRules('img_producto', 'img_producto', NULL, Array, Array)
#2 C:\xampp\htdocs\Hamm\system\Controller.php(160): CodeIgniter\Validation\Validation->run()
#3 C:\xampp\htdocs\Hamm\app\Controllers\Producto_controller.php(64): CodeIgniter\Controller->validate(Array, Array)
#4 C:\xampp\htdocs\Hamm\system\CodeIgniter.php(832): App\Controllers\Producto_controller->insertar_producto()
#5 C:\xampp\htdocs\Hamm\system\CodeIgniter.php(419): CodeIgniter\CodeIgniter->runController(Object(App\Controllers\Producto_controller))
#6 C:\xampp\htdocs\Hamm\system\CodeIgniter.php(326): CodeIgniter\CodeIgniter->handleRequest(NULL, Object(Config\Cache), false)
#7 C:\xampp\htdocs\Hamm\index.php(37): CodeIgniter\CodeIgniter->run()
#8 {main}
CRITICAL - 2022-06-08 17:19:17 --> Undefined variable: validation
#0 C:\xampp\htdocs\Hamm\app\Views\back\producto\add_productos.php(76): CodeIgniter\Debug\Exceptions->errorHandler(8, 'Undefined varia...', 'C:\\xampp\\htdocs...', 76, Array)
#1 C:\xampp\htdocs\Hamm\system\View\View.php(210): include('C:\\xampp\\htdocs...')
#2 C:\xampp\htdocs\Hamm\system\View\View.php(213): CodeIgniter\View\View->CodeIgniter\View\{closure}()
#3 C:\xampp\htdocs\Hamm\system\Common.php(1089): CodeIgniter\View\View->render('back/producto/a...', Array, true)
#4 C:\xampp\htdocs\Hamm\app\Controllers\Producto_controller.php(96): view('back/producto/a...', Array)
#5 C:\xampp\htdocs\Hamm\system\CodeIgniter.php(832): App\Controllers\Producto_controller->insertar_producto()
#6 C:\xampp\htdocs\Hamm\system\CodeIgniter.php(419): CodeIgniter\CodeIgniter->runController(Object(App\Controllers\Producto_controller))
#7 C:\xampp\htdocs\Hamm\system\CodeIgniter.php(326): CodeIgniter\CodeIgniter->handleRequest(NULL, Object(Config\Cache), false)
#8 C:\xampp\htdocs\Hamm\index.php(37): CodeIgniter\CodeIgniter->run()
#9 {main}
CRITICAL - 2022-06-08 17:48:19 --> syntax error, unexpected '"img_producto"' (T_CONSTANT_ENCAPSED_STRING), expecting ']'
#0 C:\xampp\htdocs\Hamm\system\Autoloader\Autoloader.php(241): CodeIgniter\Autoloader\Autoloader->includeFile('C:\\xampp\\htdocs...')
#1 C:\xampp\htdocs\Hamm\system\Autoloader\Autoloader.php(219): CodeIgniter\Autoloader\Autoloader->loadInNamespace('App\\Controllers...')
#2 [internal function]: CodeIgniter\Autoloader\Autoloader->loadClass('App\\Controllers...')
#3 [internal function]: spl_autoload_call('App\\Controllers...')
#4 C:\xampp\htdocs\Hamm\system\CodeIgniter.php(797): class_exists('\\App\\Controller...', true)
#5 C:\xampp\htdocs\Hamm\system\CodeIgniter.php(406): CodeIgniter\CodeIgniter->startController()
#6 C:\xampp\htdocs\Hamm\system\CodeIgniter.php(326): CodeIgniter\CodeIgniter->handleRequest(NULL, Object(Config\Cache), false)
#7 C:\xampp\htdocs\Hamm\index.php(37): CodeIgniter\CodeIgniter->run()
#8 {main}
CRITICAL - 2022-06-08 18:04:15 --> syntax error, unexpected '"img_producto"' (T_CONSTANT_ENCAPSED_STRING), expecting ']'
#0 C:\xampp\htdocs\Hamm\system\Autoloader\Autoloader.php(241): CodeIgniter\Autoloader\Autoloader->includeFile('C:\\xampp\\htdocs...')
#1 C:\xampp\htdocs\Hamm\system\Autoloader\Autoloader.php(219): CodeIgniter\Autoloader\Autoloader->loadInNamespace('App\\Controllers...')
#2 [internal function]: CodeIgniter\Autoloader\Autoloader->loadClass('App\\Controllers...')
#3 [internal function]: spl_autoload_call('App\\Controllers...')
#4 C:\xampp\htdocs\Hamm\system\CodeIgniter.php(797): class_exists('\\App\\Controller...', true)
#5 C:\xampp\htdocs\Hamm\system\CodeIgniter.php(406): CodeIgniter\CodeIgniter->startController()
#6 C:\xampp\htdocs\Hamm\system\CodeIgniter.php(326): CodeIgniter\CodeIgniter->handleRequest(NULL, Object(Config\Cache), false)
#7 C:\xampp\htdocs\Hamm\index.php(37): CodeIgniter\CodeIgniter->run()
#8 {main}
