CRITICAL - 2022-04-10 22:59:41 --> Invalid file: front/loggin.php
#0 C:\xampp\htdocs\Hamm\system\View\View.php(198): CodeIgniter\Exceptions\FrameworkException::forInvalidFile('front/loggin.ph...')
#1 C:\xampp\htdocs\Hamm\system\Common.php(1089): CodeIgniter\View\View->render('front/loggin', Array, true)
#2 C:\xampp\htdocs\Hamm\app\Controllers\Home.php(21): view('front/loggin')
#3 C:\xampp\htdocs\Hamm\system\CodeIgniter.php(832): App\Controllers\Home->loggin()
#4 C:\xampp\htdocs\Hamm\system\CodeIgniter.php(419): CodeIgniter\CodeIgniter->runController(Object(App\Controllers\Home))
#5 C:\xampp\htdocs\Hamm\system\CodeIgniter.php(326): CodeIgniter\CodeIgniter->handleRequest(NULL, Object(Config\Cache), false)
#6 C:\xampp\htdocs\Hamm\index.php(37): CodeIgniter\CodeIgniter->run()
#7 {main}
CRITICAL - 2022-04-10 23:02:29 --> syntax error, unexpected 'echo' (T_ECHO), expecting ';' or ','
#0 C:\xampp\htdocs\Hamm\system\Autoloader\Autoloader.php(241): CodeIgniter\Autoloader\Autoloader->includeFile('C:\\xampp\\htdocs...')
#1 C:\xampp\htdocs\Hamm\system\Autoloader\Autoloader.php(219): CodeIgniter\Autoloader\Autoloader->loadInNamespace('App\\Controllers...')
#2 [internal function]: CodeIgniter\Autoloader\Autoloader->loadClass('App\\Controllers...')
#3 [internal function]: spl_autoload_call('App\\Controllers...')
#4 C:\xampp\htdocs\Hamm\system\CodeIgniter.php(797): class_exists('\\App\\Controller...', true)
#5 C:\xampp\htdocs\Hamm\system\CodeIgniter.php(406): CodeIgniter\CodeIgniter->startController()
#6 C:\xampp\htdocs\Hamm\system\CodeIgniter.php(326): CodeIgniter\CodeIgniter->handleRequest(NULL, Object(Config\Cache), false)
#7 C:\xampp\htdocs\Hamm\index.php(37): CodeIgniter\CodeIgniter->run()
#8 {main}
CRITICAL - 2022-04-10 23:02:31 --> syntax error, unexpected 'echo' (T_ECHO), expecting ';' or ','
#0 C:\xampp\htdocs\Hamm\system\Autoloader\Autoloader.php(241): CodeIgniter\Autoloader\Autoloader->includeFile('C:\\xampp\\htdocs...')
#1 C:\xampp\htdocs\Hamm\system\Autoloader\Autoloader.php(219): CodeIgniter\Autoloader\Autoloader->loadInNamespace('App\\Controllers...')
#2 [internal function]: CodeIgniter\Autoloader\Autoloader->loadClass('App\\Controllers...')
#3 [internal function]: spl_autoload_call('App\\Controllers...')
#4 C:\xampp\htdocs\Hamm\system\CodeIgniter.php(797): class_exists('\\App\\Controller...', true)
#5 C:\xampp\htdocs\Hamm\system\CodeIgniter.php(406): CodeIgniter\CodeIgniter->startController()
#6 C:\xampp\htdocs\Hamm\system\CodeIgniter.php(326): CodeIgniter\CodeIgniter->handleRequest(NULL, Object(Config\Cache), false)
#7 C:\xampp\htdocs\Hamm\index.php(37): CodeIgniter\CodeIgniter->run()
#8 {main}
CRITICAL - 2022-04-10 23:04:18 --> Invalid file: front/loggin.php
#0 C:\xampp\htdocs\Hamm\system\View\View.php(198): CodeIgniter\Exceptions\FrameworkException::forInvalidFile('front/loggin.ph...')
#1 C:\xampp\htdocs\Hamm\system\Common.php(1089): CodeIgniter\View\View->render('front/loggin', Array, true)
#2 C:\xampp\htdocs\Hamm\app\Controllers\Home.php(22): view('front/loggin')
#3 C:\xampp\htdocs\Hamm\system\CodeIgniter.php(832): App\Controllers\Home->loggin()
#4 C:\xampp\htdocs\Hamm\system\CodeIgniter.php(419): CodeIgniter\CodeIgniter->runController(Object(App\Controllers\Home))
#5 C:\xampp\htdocs\Hamm\system\CodeIgniter.php(326): CodeIgniter\CodeIgniter->handleRequest(NULL, Object(Config\Cache), false)
#6 C:\xampp\htdocs\Hamm\index.php(37): CodeIgniter\CodeIgniter->run()
#7 {main}
